[08/25/16 05.50.15 pm] Looking for license INI file:C:\Program Files (x86)\Embarcadero\Studio\14.0\bin\cglm.ini

[08/25/16 05.50.15 pm] INI file located.

[08/25/16 05.50.15 pm] Initializing LicenseManager.exe
[08/25/16 05.50.15 pm] License Repository Directory:C:\ProgramData\Embarcadero\
[08/25/16 05.50.15 pm] Default License Directory:C:\Program Files (x86)\Embarcadero\Studio\14.0\bin\\..\License
[08/25/16 05.50.15 pm] Root Directory:C:\Program Files (x86)\Embarcadero\Studio\14.0\bin\\..
[08/25/16 05.50.15 pm] License Dir Exists: True
[08/25/16 05.50.15 pm] Root Dir Exists: True
[08/25/16 05.50.15 pm] Default Dir Exists: True
[08/25/16 05.50.15 pm] ProductId:8214 - SkuId:53

[08/25/16 05.54.20 pm] Looking for license INI file:C:\Program Files (x86)\Embarcadero\Studio\14.0\bin\cglm.ini

[08/25/16 05.54.20 pm] INI file located.

[08/25/16 05.54.20 pm] Initializing LicenseManager.exe
[08/25/16 05.54.20 pm] License Repository Directory:C:\ProgramData\Embarcadero\
[08/25/16 05.54.20 pm] Default License Directory:C:\Program Files (x86)\Embarcadero\Studio\14.0\bin\\..\License
[08/25/16 05.54.20 pm] Root Directory:C:\Program Files (x86)\Embarcadero\Studio\14.0\bin\\..
[08/25/16 05.54.20 pm] License Dir Exists: True
[08/25/16 05.54.20 pm] Root Dir Exists: True
[08/25/16 05.54.20 pm] Default Dir Exists: True
[08/25/16 05.54.20 pm] ProductId:8214 - SkuId:53

[08/25/16 05.58.00 pm] EDN User Name:iarkgen@gmail.com
[08/25/16 05.58.00 pm] ProductID being registered: 8214
[08/25/16 05.58.00 pm] Serial being registered: MNFA-ACA7P7-FABBCE-FARN
[08/25/16 05.58.00 pm] Starting Registration Process.

[08/25/16 05.58.06 pm] Completed Registration Process.
[08/25/16 05.58.06 pm] Registration Error Code: 11
[08/25/16 05.58.06 pm] Registration Message: The serial number provided is not valid. (11) Correct the data and  try again. If the error occurs, use telephone registration.
Correct the error and attempt to register again.

[08/25/16 05.58.44 pm] EDN User Name:iarkgen@gmail.com
[08/25/16 05.58.44 pm] ProductID being registered: 8214
[08/25/16 05.58.44 pm] Serial being registered: MNAA-NDDABS-AJABCE-FARN
[08/25/16 05.58.44 pm] Starting Registration Process.

[08/25/16 05.58.48 pm] Completed Registration Process.
[08/25/16 05.58.48 pm] Registration Error Code: 11
[08/25/16 05.58.48 pm] Registration Message: The serial number provided is not valid. (11) Correct the data and  try again. If the error occurs, use telephone registration.
Correct the error and attempt to register again.

[08/25/16 05.59.30 pm] EDN User Name:iarkgen@gmail.com
[08/25/16 05.59.30 pm] ProductID being registered: 8214
[08/25/16 05.59.30 pm] Serial being registered: MNAA-NDDABS-AJABCE-FARN
[08/25/16 05.59.30 pm] Starting Registration Process.

[08/25/16 05.59.33 pm] Completed Registration Process.
[08/25/16 05.59.33 pm] Registration Error Code: 4
[08/25/16 05.59.33 pm] Registration Message: Failure attempting to connect to registration server: license. codegear.com
Correct the error and attempt to register again.

[08/25/16 06.00.08 pm] Looking for license INI file:C:\Program Files (x86)\Embarcadero\Studio\14.0\bin\cglm.ini

[08/25/16 06.00.08 pm] INI file located.

[08/25/16 06.00.08 pm] Initializing LicenseManager.exe
[08/25/16 06.00.08 pm] License Repository Directory:C:\ProgramData\Embarcadero\
[08/25/16 06.00.08 pm] Default License Directory:C:\Program Files (x86)\Embarcadero\Studio\14.0\bin\\..\License
[08/25/16 06.00.08 pm] Root Directory:C:\Program Files (x86)\Embarcadero\Studio\14.0\bin\\..
[08/25/16 06.00.08 pm] License Dir Exists: True
[08/25/16 06.00.08 pm] Root Dir Exists: True
[08/25/16 06.00.08 pm] Default Dir Exists: True
[08/25/16 06.00.08 pm] ProductId:8214 - SkuId:53

[08/25/16 06.00.32 pm] Looking for license INI file:C:\Program Files (x86)\Embarcadero\Studio\14.0\bin\cglm.ini

[08/25/16 06.00.32 pm] INI file located.

[08/25/16 06.00.32 pm] Initializing LicenseManager.exe
[08/25/16 06.00.32 pm] License Repository Directory:C:\ProgramData\Embarcadero\
[08/25/16 06.00.32 pm] Default License Directory:C:\Program Files (x86)\Embarcadero\Studio\14.0\bin\\..\License
[08/25/16 06.00.32 pm] Root Directory:C:\Program Files (x86)\Embarcadero\Studio\14.0\bin\\..
[08/25/16 06.00.32 pm] License Dir Exists: True
[08/25/16 06.00.32 pm] Root Dir Exists: True
[08/25/16 06.00.32 pm] Default Dir Exists: True
[08/25/16 06.00.32 pm] ProductId:8214 - SkuId:53

[08/25/16 06.09.25 pm] EDN User Name:muhammadwali94@gmail.com
[08/25/16 06.09.25 pm] ProductID being registered: 8214
[08/25/16 06.09.25 pm] Serial being registered: MNFA-ACA7P7-FABBCE-FARN
[08/25/16 06.09.25 pm] Starting Registration Process.

[08/25/16 06.09.28 pm] Completed Registration Process.
[08/25/16 06.09.28 pm] Registration Error Code: 11
[08/25/16 06.09.28 pm] Registration Message: The serial number provided is not valid. (11) Correct the data and  try again. If the error occurs, use telephone registration.
Correct the error and attempt to register again.

[08/25/16 06.09.34 pm] EDN User Name:muhammadwali94@gmail.com
[08/25/16 06.09.34 pm] ProductID being registered: 8214
[08/25/16 06.09.34 pm] Serial being registered: MNFA-ACA7P7-FABBCE-FARN
[08/25/16 06.09.34 pm] Starting Registration Process.

[08/25/16 06.09.38 pm] Completed Registration Process.
[08/25/16 06.09.38 pm] Registration Error Code: 11
[08/25/16 06.09.38 pm] Registration Message: The serial number provided is not valid. (11) Correct the data and  try again. If the error occurs, use telephone registration.
Correct the error and attempt to register again.

[08/25/16 06.09.44 pm] EDN User Name:muhammadwali94@gmail.com
[08/25/16 06.09.44 pm] ProductID being registered: 8214
[08/25/16 06.09.44 pm] Serial being registered: MNFA-ACA7P7-FABBCE-FARN
[08/25/16 06.09.44 pm] Starting Registration Process.

[08/25/16 06.09.49 pm] Completed Registration Process.
[08/25/16 06.09.49 pm] Registration Error Code: 11
[08/25/16 06.09.49 pm] Registration Message: The serial number provided is not valid. (11) Correct the data and  try again. If the error occurs, use telephone registration.
Correct the error and attempt to register again.

[08/25/16 10.20.02 pm] Looking for license INI file:C:\Program Files (x86)\Embarcadero\Studio\14.0\bin\cglm.ini

[08/25/16 10.20.02 pm] INI file located.

[08/25/16 10.20.02 pm] Initializing LicenseManager.exe
[08/25/16 10.20.02 pm] License Repository Directory:C:\ProgramData\Embarcadero\
[08/25/16 10.20.02 pm] Default License Directory:C:\Program Files (x86)\Embarcadero\Studio\14.0\bin\\..\License
[08/25/16 10.20.02 pm] Root Directory:C:\Program Files (x86)\Embarcadero\Studio\14.0\bin\\..
[08/25/16 10.20.02 pm] License Dir Exists: True
[08/25/16 10.20.02 pm] Root Dir Exists: True
[08/25/16 10.20.02 pm] Default Dir Exists: True
[08/25/16 10.20.02 pm] ProductId:8214 - SkuId:53

[08/25/16 10.20.44 pm] EDN User Name:wali
[08/25/16 10.20.44 pm] ProductID being registered: 8214
[08/25/16 10.20.44 pm] Serial being registered: MNFA-ACA7P7-FABBCE-FARN
[08/25/16 10.20.44 pm] Starting Registration Process.

[08/25/16 10.20.47 pm] Completed Registration Process.
[08/25/16 10.20.47 pm] Registration Error Code: 4
[08/25/16 10.20.47 pm] Registration Message: Failure attempting to connect to registration server: license. codegear.com
Correct the error and attempt to register again.

[08/25/16 10.22.02 pm] EDN User Name:wali
[08/25/16 10.22.02 pm] ProductID being registered: 8214
[08/25/16 10.22.02 pm] Serial being registered: MNFA-ACA7P7-FABBCE-FARN
[08/25/16 10.22.02 pm] Starting Registration Process.

[08/25/16 10.22.10 pm] Completed Registration Process.
[08/25/16 10.22.10 pm] Registration Error Code: 11
[08/25/16 10.22.10 pm] Registration Message: The serial number provided is not valid. (11) Correct the data and  try again. If the error occurs, use telephone registration.
Correct the error and attempt to register again.

[08/25/16 10.22.34 pm] EDN User Name:085370655606
[08/25/16 10.22.34 pm] ProductID being registered: 8214
[08/25/16 10.22.34 pm] Serial being registered: MNFA-ACA7P7-FABBCE-FARN
[08/25/16 10.22.34 pm] Starting Registration Process.

[08/25/16 10.22.39 pm] Completed Registration Process.
[08/25/16 10.22.39 pm] Registration Error Code: 11
[08/25/16 10.22.39 pm] Registration Message: The serial number provided is not valid. (11) Correct the data and  try again. If the error occurs, use telephone registration.
Correct the error and attempt to register again.

[08/26/16 11.25.48 am] Looking for license INI file:C:\Program Files (x86)\Embarcadero\Studio\14.0\bin\cglm.ini

[08/26/16 11.25.48 am] INI file located.

[08/26/16 11.25.48 am] Initializing LicenseManager.exe
[08/26/16 11.25.48 am] License Repository Directory:C:\ProgramData\Embarcadero\
[08/26/16 11.25.48 am] Default License Directory:C:\Program Files (x86)\Embarcadero\Studio\14.0\bin\\..\License
[08/26/16 11.25.48 am] Root Directory:C:\Program Files (x86)\Embarcadero\Studio\14.0\bin\\..
[08/26/16 11.25.48 am] License Dir Exists: True
[08/26/16 11.25.48 am] Root Dir Exists: True
[08/26/16 11.25.48 am] Default Dir Exists: True
[08/26/16 11.25.48 am] ProductId:8214 - SkuId:53

[08/26/16 11.26.10 am] EDN User Name:muhammadwali94@gmail
[08/26/16 11.26.10 am] ProductID being registered: 8214
[08/26/16 11.26.10 am] Serial being registered: MNFA-ACA7P7-FABBCE-FARN
[08/26/16 11.26.10 am] Starting Registration Process.

[08/26/16 11.26.16 am] Completed Registration Process.
[08/26/16 11.26.16 am] Registration Error Code: 11
[08/26/16 11.26.16 am] Registration Message: The serial number provided is not valid. (11) Correct the data and  try again. If the error occurs, use telephone registration.
Correct the error and attempt to register again.

[08/26/16 11.26.47 am] EDN User Name:muhammadwali94@gmail
[08/26/16 11.26.47 am] ProductID being registered: 8214
[08/26/16 11.26.47 am] Serial being registered: MNFA-ACA7P7-FABBCE-FARN
[08/26/16 11.26.47 am] Starting Registration Process.

[08/26/16 11.26.51 am] Completed Registration Process.
[08/26/16 11.26.51 am] Registration Error Code: 11
[08/26/16 11.26.51 am] Registration Message: The serial number provided is not valid. (11) Correct the data and  try again. If the error occurs, use telephone registration.
Correct the error and attempt to register again.

[08/26/16 11.28.23 am] EDN User Name:6285370655606
[08/26/16 11.28.23 am] ProductID being registered: 8214
[08/26/16 11.28.23 am] Serial being registered: MNFA-ACA7P7-FABBCE-FARN
[08/26/16 11.28.23 am] Starting Registration Process.

[08/26/16 11.28.30 am] Completed Registration Process.
[08/26/16 11.28.30 am] Registration Error Code: 11
[08/26/16 11.28.30 am] Registration Message: The serial number provided is not valid. (11) Correct the data and  try again. If the error occurs, use telephone registration.
Correct the error and attempt to register again.

[09/15/16 10.27.08 am] Looking for license INI file:C:\Program Files (x86)\Embarcadero\Studio\14.0\bin\cglm.ini

[09/15/16 10.27.08 am] INI file located.

[09/15/16 10.27.08 am] Initializing LicenseManager.exe
[09/15/16 10.27.08 am] License Repository Directory:C:\ProgramData\Embarcadero\
[09/15/16 10.27.08 am] Default License Directory:C:\Program Files (x86)\Embarcadero\Studio\14.0\bin\\..\License
[09/15/16 10.27.08 am] Root Directory:C:\Program Files (x86)\Embarcadero\Studio\14.0\bin\\..
[09/15/16 10.27.08 am] License Dir Exists: True
[09/15/16 10.27.08 am] Root Dir Exists: True
[09/15/16 10.27.08 am] Default Dir Exists: True
[09/15/16 10.27.08 am] ProductId:8214 - SkuId:53

[09/15/16 10.28.34 am] Looking for license INI file:C:\Program Files (x86)\Embarcadero\Studio\14.0\bin\cglm.ini

[09/15/16 10.28.34 am] INI file located.

[09/15/16 10.28.34 am] Initializing LicenseManager.exe
[09/15/16 10.28.34 am] License Repository Directory:C:\ProgramData\Embarcadero\
[09/15/16 10.28.34 am] Default License Directory:C:\Program Files (x86)\Embarcadero\Studio\14.0\bin\\..\License
[09/15/16 10.28.34 am] Root Directory:C:\Program Files (x86)\Embarcadero\Studio\14.0\bin\\..
[09/15/16 10.28.34 am] License Dir Exists: True
[09/15/16 10.28.34 am] Root Dir Exists: True
[09/15/16 10.28.34 am] Default Dir Exists: True
[09/15/16 10.28.34 am] ProductId:8214 - SkuId:53

[01/29/17 05.04.45 pm] C:\Users\DELL\AppData\Local\Temp\mia1\LicenseManager.exe -silentUpdate

[01/29/17 05.04.45 pm] Looking for license INI file:C:\Users\DELL\AppData\Local\Temp\mia1\cglm.ini

[01/29/17 05.04.45 pm] INI file located.

[01/29/17 05.04.45 pm] Initializing LicenseManager.exe
[01/29/17 05.04.45 pm] License Repository Directory:C:\ProgramData\Embarcadero\
[01/29/17 05.04.45 pm] Default License Directory:C:\Users\DELL\AppData\Local\Temp\mia1\\..\License
[01/29/17 05.04.45 pm] Root Directory:C:\Users\DELL\AppData\Local\Temp\mia1\\..
[01/29/17 05.04.45 pm] License Dir Exists: True
[01/29/17 05.04.45 pm] Root Dir Exists: True
[01/29/17 05.04.45 pm] Default Dir Exists: False
[01/29/17 05.04.45 pm] ProductId:-1 - SkuId:-1

[01/29/17 05.05.07 pm] C:\Users\DELL\AppData\Local\Temp\mia1\LicenseManager.exe -reg simple

[01/29/17 05.05.07 pm] Looking for license INI file:C:\Users\DELL\AppData\Local\Temp\mia1\cglm.ini

[01/29/17 05.05.07 pm] INI file located.

[01/29/17 05.05.07 pm] Initializing LicenseManager.exe
[01/29/17 05.05.07 pm] License Repository Directory:C:\ProgramData\Embarcadero\
[01/29/17 05.05.07 pm] Default License Directory:C:\Users\DELL\AppData\Local\Temp\mia1\\..\License
[01/29/17 05.05.07 pm] Root Directory:C:\Users\DELL\AppData\Local\Temp\mia1\\..
[01/29/17 05.05.07 pm] License Dir Exists: True
[01/29/17 05.05.07 pm] Root Dir Exists: True
[01/29/17 05.05.07 pm] Default Dir Exists: True
[01/29/17 05.05.07 pm] ProductId:-1 - SkuId:-1

[01/29/17 05.07.54 pm] C:\Users\DELL\AppData\Local\Temp\mia1\LicenseManager.exe

[01/29/17 05.07.54 pm] Looking for license INI file:C:\Users\DELL\AppData\Local\Temp\mia1\cglm.ini

[01/29/17 05.07.54 pm] INI file located.

[01/29/17 05.07.54 pm] Initializing LicenseManager.exe
[01/29/17 05.07.54 pm] License Repository Directory:C:\ProgramData\Embarcadero\
[01/29/17 05.07.54 pm] Default License Directory:C:\Users\DELL\AppData\Local\Temp\mia1\\..\License
[01/29/17 05.07.54 pm] Root Directory:C:\Users\DELL\AppData\Local\Temp\mia1\\..
[01/29/17 05.07.54 pm] License Dir Exists: True
[01/29/17 05.07.54 pm] Root Dir Exists: True
[01/29/17 05.07.54 pm] Default Dir Exists: True
[01/29/17 05.07.54 pm] ProductId:-1 - SkuId:-1

[01/29/17 05.08.57 pm] Preparing to import license.
[01/29/17 05.08.57 pm] License being imported: D:\SOFTWARE\Delphi XE10 Seattle\Readme.txt

[01/29/17 05.08.57 pm] Import Failure: Activation file (D:\SOFTWARE\Delphi XE10 Seattle\Readme.txt) is invalid or corrupted.  Please obtain a valid activation file.(7005),7005

[01/29/17 05.09.14 pm] C:\Users\DELL\AppData\Local\Temp\mia1\LicenseManager.exe

[01/29/17 05.09.14 pm] Looking for license INI file:C:\Users\DELL\AppData\Local\Temp\mia1\cglm.ini

[01/29/17 05.09.14 pm] INI file located.

[01/29/17 05.09.14 pm] Initializing LicenseManager.exe
[01/29/17 05.09.14 pm] License Repository Directory:C:\ProgramData\Embarcadero\
[01/29/17 05.09.14 pm] Default License Directory:C:\Users\DELL\AppData\Local\Temp\mia1\\..\License
[01/29/17 05.09.14 pm] Root Directory:C:\Users\DELL\AppData\Local\Temp\mia1\\..
[01/29/17 05.09.14 pm] License Dir Exists: True
[01/29/17 05.09.14 pm] Root Dir Exists: True
[01/29/17 05.09.14 pm] Default Dir Exists: True
[01/29/17 05.09.14 pm] ProductId:-1 - SkuId:-1

[01/29/17 05.14.26 pm] C:\Users\DELL\AppData\Local\Temp\mia2\LicenseManager.exe -silentUpdate

[01/29/17 05.14.26 pm] Looking for license INI file:C:\Users\DELL\AppData\Local\Temp\mia2\cglm.ini

[01/29/17 05.14.26 pm] INI file located.

[01/29/17 05.14.26 pm] Initializing LicenseManager.exe
[01/29/17 05.14.26 pm] License Repository Directory:C:\ProgramData\Embarcadero\
[01/29/17 05.14.26 pm] Default License Directory:C:\Users\DELL\AppData\Local\Temp\mia2\\..\License
[01/29/17 05.14.26 pm] Root Directory:C:\Users\DELL\AppData\Local\Temp\mia2\\..
[01/29/17 05.14.26 pm] License Dir Exists: True
[01/29/17 05.14.26 pm] Root Dir Exists: True
[01/29/17 05.14.26 pm] Default Dir Exists: True
[01/29/17 05.14.26 pm] ProductId:-1 - SkuId:-1

[01/29/17 05.55.15 pm] E:\Delphi Xe\Embarcadero\Studio\17.0\bin\licensemanager.exe -reg -skey 8217_20 -loadKey 2023 -a

[01/29/17 05.55.15 pm] Looking for license INI file:E:\Delphi Xe\Embarcadero\Studio\17.0\bin\cglm.ini

[01/29/17 05.55.15 pm] INI file located.

[01/29/17 05.55.15 pm] Initializing LicenseManager.exe
[01/29/17 05.55.15 pm] License Repository Directory:C:\ProgramData\Embarcadero\
[01/29/17 05.55.15 pm] Default License Directory:E:\Delphi Xe\Embarcadero\Studio\17.0\bin\\..\License
[01/29/17 05.55.15 pm] Root Directory:E:\Delphi Xe\Embarcadero\Studio\17.0\bin\\..
[01/29/17 05.55.15 pm] License Dir Exists: True
[01/29/17 05.55.15 pm] Root Dir Exists: True
[01/29/17 05.55.15 pm] Default Dir Exists: True
[01/29/17 05.55.15 pm] ProductId:8217 - SkuId:20

[01/29/17 05.57.12 pm] E:\Delphi Xe\Embarcadero\Studio\17.0\bin\licensemanager.exe -reg -skey 8217_20 -loadKey 2023 -a

[01/29/17 05.57.12 pm] Looking for license INI file:E:\Delphi Xe\Embarcadero\Studio\17.0\bin\cglm.ini

[01/29/17 05.57.12 pm] INI file located.

[01/29/17 05.57.12 pm] Initializing LicenseManager.exe
[01/29/17 05.57.12 pm] License Repository Directory:C:\ProgramData\Embarcadero\
[01/29/17 05.57.12 pm] Default License Directory:E:\Delphi Xe\Embarcadero\Studio\17.0\bin\\..\License
[01/29/17 05.57.12 pm] Root Directory:E:\Delphi Xe\Embarcadero\Studio\17.0\bin\\..
[01/29/17 05.57.12 pm] License Dir Exists: True
[01/29/17 05.57.12 pm] Root Dir Exists: True
[01/29/17 05.57.12 pm] Default Dir Exists: True
[01/29/17 05.57.12 pm] ProductId:8217 - SkuId:20

[01/29/17 06.03.09 pm] E:\Delphi Xe\Embarcadero\Studio\17.0\Bin\LicenseManager.exe -reg -skey 8217_21 -loadKey 2023 -a

[01/29/17 06.03.09 pm] Looking for license INI file:E:\Delphi Xe\Embarcadero\Studio\17.0\Bin\cglm.ini

[01/29/17 06.03.09 pm] INI file located.

[01/29/17 06.03.09 pm] Initializing LicenseManager.exe
[01/29/17 06.03.09 pm] License Repository Directory:C:\ProgramData\Embarcadero\
[01/29/17 06.03.09 pm] Default License Directory:E:\Delphi Xe\Embarcadero\Studio\17.0\Bin\\..\License
[01/29/17 06.03.09 pm] Root Directory:E:\Delphi Xe\Embarcadero\Studio\17.0\Bin\\..
[01/29/17 06.03.09 pm] License Dir Exists: True
[01/29/17 06.03.09 pm] Root Dir Exists: True
[01/29/17 06.03.09 pm] Default Dir Exists: True
[01/29/17 06.03.09 pm] ProductId:8217 - SkuId:21

[01/29/17 06.04.36 pm] E:\Delphi Xe\Embarcadero\Studio\17.0\bin\licensemanager.exe -reg -skey 8217_20 -loadKey 2023 -a

[01/29/17 06.04.36 pm] Looking for license INI file:E:\Delphi Xe\Embarcadero\Studio\17.0\bin\cglm.ini

[01/29/17 06.04.36 pm] INI file located.

[01/29/17 06.04.36 pm] Initializing LicenseManager.exe
[01/29/17 06.04.36 pm] License Repository Directory:C:\ProgramData\Embarcadero\
[01/29/17 06.04.36 pm] Default License Directory:E:\Delphi Xe\Embarcadero\Studio\17.0\bin\\..\License
[01/29/17 06.04.36 pm] Root Directory:E:\Delphi Xe\Embarcadero\Studio\17.0\bin\\..
[01/29/17 06.04.36 pm] License Dir Exists: True
[01/29/17 06.04.36 pm] Root Dir Exists: True
[01/29/17 06.04.36 pm] Default Dir Exists: True
[01/29/17 06.04.36 pm] ProductId:8217 - SkuId:20

[01/29/17 06.05.44 pm] E:\Delphi Xe\Embarcadero\Studio\17.0\bin\licensemanager.exe -reg -skey 8217_20 -loadKey 2023 -a

[01/29/17 06.05.44 pm] Looking for license INI file:E:\Delphi Xe\Embarcadero\Studio\17.0\bin\cglm.ini

[01/29/17 06.05.44 pm] INI file located.

[01/29/17 06.05.44 pm] Initializing LicenseManager.exe
[01/29/17 06.05.44 pm] License Repository Directory:C:\ProgramData\Embarcadero\
[01/29/17 06.05.44 pm] Default License Directory:E:\Delphi Xe\Embarcadero\Studio\17.0\bin\\..\License
[01/29/17 06.05.44 pm] Root Directory:E:\Delphi Xe\Embarcadero\Studio\17.0\bin\\..
[01/29/17 06.05.44 pm] License Dir Exists: True
[01/29/17 06.05.44 pm] Root Dir Exists: True
[01/29/17 06.05.44 pm] Default Dir Exists: True
[01/29/17 06.05.44 pm] ProductId:8217 - SkuId:20

[01/29/17 06.06.22 pm] E:\Delphi Xe\Embarcadero\Studio\17.0\bin\licensemanager.exe -reg -skey 8217_20 -loadKey 2023 -a

[01/29/17 06.06.22 pm] Looking for license INI file:E:\Delphi Xe\Embarcadero\Studio\17.0\bin\cglm.ini

[01/29/17 06.06.22 pm] INI file located.

[01/29/17 06.06.22 pm] Initializing LicenseManager.exe
[01/29/17 06.06.22 pm] License Repository Directory:C:\ProgramData\Embarcadero\
[01/29/17 06.06.22 pm] Default License Directory:E:\Delphi Xe\Embarcadero\Studio\17.0\bin\\..\License
[01/29/17 06.06.22 pm] Root Directory:E:\Delphi Xe\Embarcadero\Studio\17.0\bin\\..
[01/29/17 06.06.22 pm] License Dir Exists: True
[01/29/17 06.06.22 pm] Root Dir Exists: True
[01/29/17 06.06.22 pm] Default Dir Exists: True
[01/29/17 06.06.22 pm] ProductId:8217 - SkuId:20

[01/29/17 06.06.24 pm] E:\Delphi Xe\Embarcadero\Studio\17.0\Bin\licensemanager.exe -reg -skey 8217_20 -loadKey 2023 -a

[01/29/17 06.06.24 pm] Looking for license INI file:E:\Delphi Xe\Embarcadero\Studio\17.0\Bin\cglm.ini

[01/29/17 06.06.24 pm] INI file located.

[01/29/17 06.06.24 pm] Initializing LicenseManager.exe
[01/29/17 06.06.24 pm] License Repository Directory:C:\ProgramData\Embarcadero\
[01/29/17 06.06.24 pm] Default License Directory:E:\Delphi Xe\Embarcadero\Studio\17.0\Bin\\..\License
[01/29/17 06.06.24 pm] Root Directory:E:\Delphi Xe\Embarcadero\Studio\17.0\Bin\\..
[01/29/17 06.06.24 pm] License Dir Exists: True
[01/29/17 06.06.24 pm] Root Dir Exists: True
[01/29/17 06.06.24 pm] Default Dir Exists: True
[01/29/17 06.06.24 pm] ProductId:8217 - SkuId:20

[01/29/17 06.06.52 pm] E:\Delphi Xe\Embarcadero\Studio\17.0\Bin\licensemanager.exe -reg -skey 8217_20 -loadKey 2023 -a

[01/29/17 06.06.52 pm] Looking for license INI file:E:\Delphi Xe\Embarcadero\Studio\17.0\Bin\cglm.ini

[01/29/17 06.06.52 pm] INI file located.

[01/29/17 06.06.52 pm] Initializing LicenseManager.exe
[01/29/17 06.06.52 pm] License Repository Directory:C:\ProgramData\Embarcadero\
[01/29/17 06.06.52 pm] Default License Directory:E:\Delphi Xe\Embarcadero\Studio\17.0\Bin\\..\License
[01/29/17 06.06.52 pm] Root Directory:E:\Delphi Xe\Embarcadero\Studio\17.0\Bin\\..
[01/29/17 06.06.52 pm] License Dir Exists: True
[01/29/17 06.06.52 pm] Root Dir Exists: True
[01/29/17 06.06.52 pm] Default Dir Exists: True
[01/29/17 06.06.52 pm] ProductId:8217 - SkuId:20

[01/29/17 06.06.59 pm] E:\Delphi Xe\Embarcadero\Studio\17.0\Bin\LicenseManager.exe -reg -skey 8217_21 -loadKey 2023 -a

[01/29/17 06.06.59 pm] Looking for license INI file:E:\Delphi Xe\Embarcadero\Studio\17.0\Bin\cglm.ini

[01/29/17 06.06.59 pm] INI file located.

[01/29/17 06.06.59 pm] Initializing LicenseManager.exe
[01/29/17 06.06.59 pm] License Repository Directory:C:\ProgramData\Embarcadero\
[01/29/17 06.06.59 pm] Default License Directory:E:\Delphi Xe\Embarcadero\Studio\17.0\Bin\\..\License
[01/29/17 06.06.59 pm] Root Directory:E:\Delphi Xe\Embarcadero\Studio\17.0\Bin\\..
[01/29/17 06.06.59 pm] License Dir Exists: True
[01/29/17 06.06.59 pm] Root Dir Exists: True
[01/29/17 06.06.59 pm] Default Dir Exists: True
[01/29/17 06.06.59 pm] ProductId:8217 - SkuId:21

[01/29/17 06.07.14 pm] E:\Delphi Xe\Embarcadero\Studio\17.0\Bin\licensemanager.exe -reg -skey 8217_20 -loadKey 2023 -a

[01/29/17 06.07.14 pm] Looking for license INI file:E:\Delphi Xe\Embarcadero\Studio\17.0\Bin\cglm.ini

[01/29/17 06.07.14 pm] INI file located.

[01/29/17 06.07.14 pm] Initializing LicenseManager.exe
[01/29/17 06.07.14 pm] License Repository Directory:C:\ProgramData\Embarcadero\
[01/29/17 06.07.14 pm] Default License Directory:E:\Delphi Xe\Embarcadero\Studio\17.0\Bin\\..\License
[01/29/17 06.07.14 pm] Root Directory:E:\Delphi Xe\Embarcadero\Studio\17.0\Bin\\..
[01/29/17 06.07.14 pm] License Dir Exists: True
[01/29/17 06.07.14 pm] Root Dir Exists: True
[01/29/17 06.07.14 pm] Default Dir Exists: True
[01/29/17 06.07.14 pm] ProductId:8217 - SkuId:20

[01/29/17 06.08.27 pm] E:\Delphi Xe\Embarcadero\Studio\17.0\Bin\LicenseManager.exe -reg -skey 8217_21 -loadKey 2023 -a

[01/29/17 06.08.27 pm] Looking for license INI file:E:\Delphi Xe\Embarcadero\Studio\17.0\Bin\cglm.ini

[01/29/17 06.08.27 pm] INI file located.

[01/29/17 06.08.27 pm] Initializing LicenseManager.exe
[01/29/17 06.08.27 pm] License Repository Directory:C:\ProgramData\Embarcadero\
[01/29/17 06.08.27 pm] Default License Directory:E:\Delphi Xe\Embarcadero\Studio\17.0\Bin\\..\License
[01/29/17 06.08.27 pm] Root Directory:E:\Delphi Xe\Embarcadero\Studio\17.0\Bin\\..
[01/29/17 06.08.27 pm] License Dir Exists: True
[01/29/17 06.08.27 pm] Root Dir Exists: True
[01/29/17 06.08.27 pm] Default Dir Exists: True
[01/29/17 06.08.27 pm] ProductId:8217 - SkuId:21

[01/29/17 06.21.22 pm] EDN User Name:muhammadwali94@gmail
[01/29/17 06.21.22 pm] ProductID being registered: 8217
[01/29/17 06.21.22 pm] Serial being registered: CNFA-A3AKAK-F3BBCL-FCNN
[01/29/17 06.21.22 pm] Starting Registration Process.

[01/29/17 06.21.56 pm] Completed Registration Process.
[01/29/17 06.21.56 pm] Registration Error Code: 4
[01/29/17 06.21.56 pm] Registration Message: Failure attempting to connect to registration server: license. embarcadero.com
Correct the error and attempt to register again.

[01/29/17 06.22.41 pm] E:\Delphi Xe\Embarcadero\Studio\17.0\Bin\LicenseManager.exe -reg -skey 8217_21 -loadKey 2023 -a

[01/29/17 06.22.41 pm] Looking for license INI file:E:\Delphi Xe\Embarcadero\Studio\17.0\Bin\cglm.ini

[01/29/17 06.22.41 pm] INI file located.

[01/29/17 06.22.41 pm] Initializing LicenseManager.exe
[01/29/17 06.22.41 pm] License Repository Directory:C:\ProgramData\Embarcadero\
[01/29/17 06.22.41 pm] Default License Directory:E:\Delphi Xe\Embarcadero\Studio\17.0\Bin\\..\License
[01/29/17 06.22.41 pm] Root Directory:E:\Delphi Xe\Embarcadero\Studio\17.0\Bin\\..
[01/29/17 06.22.41 pm] License Dir Exists: True
[01/29/17 06.22.41 pm] Root Dir Exists: True
[01/29/17 06.22.41 pm] Default Dir Exists: True
[01/29/17 06.22.41 pm] ProductId:8217 - SkuId:21

[01/29/17 06.24.18 pm] E:\Delphi Xe\Embarcadero\Studio\17.0\Bin\LicenseManager.exe -reg -skey 8217_21 -loadKey 2023 -a

[01/29/17 06.24.18 pm] Looking for license INI file:E:\Delphi Xe\Embarcadero\Studio\17.0\Bin\cglm.ini

[01/29/17 06.24.18 pm] INI file located.

[01/29/17 06.24.18 pm] Initializing LicenseManager.exe
[01/29/17 06.24.18 pm] License Repository Directory:C:\ProgramData\Embarcadero\
[01/29/17 06.24.18 pm] Default License Directory:E:\Delphi Xe\Embarcadero\Studio\17.0\Bin\\..\License
[01/29/17 06.24.18 pm] Root Directory:E:\Delphi Xe\Embarcadero\Studio\17.0\Bin\\..
[01/29/17 06.24.18 pm] License Dir Exists: True
[01/29/17 06.24.18 pm] Root Dir Exists: True
[01/29/17 06.24.18 pm] Default Dir Exists: True
[01/29/17 06.24.18 pm] ProductId:8217 - SkuId:21

[01/29/17 06.25.29 pm] E:\Delphi Xe\Embarcadero\Studio\17.0\Bin\licensemanager.exe -reg -skey 8217_20 -loadKey 2023 -a

[01/29/17 06.25.29 pm] Looking for license INI file:E:\Delphi Xe\Embarcadero\Studio\17.0\Bin\cglm.ini

[01/29/17 06.25.29 pm] INI file located.

[01/29/17 06.25.29 pm] Initializing LicenseManager.exe
[01/29/17 06.25.29 pm] License Repository Directory:C:\ProgramData\Embarcadero\
[01/29/17 06.25.29 pm] Default License Directory:E:\Delphi Xe\Embarcadero\Studio\17.0\Bin\\..\License
[01/29/17 06.25.29 pm] Root Directory:E:\Delphi Xe\Embarcadero\Studio\17.0\Bin\\..
[01/29/17 06.25.29 pm] License Dir Exists: True
[01/29/17 06.25.29 pm] Root Dir Exists: True
[01/29/17 06.25.29 pm] Default Dir Exists: True
[01/29/17 06.25.29 pm] ProductId:8217 - SkuId:20

[01/29/17 06.25.30 pm] E:\Delphi Xe\Embarcadero\Studio\17.0\Bin\LicenseManager.exe -reg -skey 8217_21 -loadKey 2023 -a

[01/29/17 06.25.30 pm] Looking for license INI file:E:\Delphi Xe\Embarcadero\Studio\17.0\Bin\cglm.ini

[01/29/17 06.25.30 pm] INI file located.

[01/29/17 06.25.30 pm] Initializing LicenseManager.exe
[01/29/17 06.25.30 pm] License Repository Directory:C:\ProgramData\Embarcadero\
[01/29/17 06.25.30 pm] Default License Directory:E:\Delphi Xe\Embarcadero\Studio\17.0\Bin\\..\License
[01/29/17 06.25.30 pm] Root Directory:E:\Delphi Xe\Embarcadero\Studio\17.0\Bin\\..
[01/29/17 06.25.30 pm] License Dir Exists: True
[01/29/17 06.25.30 pm] Root Dir Exists: True
[01/29/17 06.25.30 pm] Default Dir Exists: True
[01/29/17 06.25.30 pm] ProductId:8217 - SkuId:21

[01/29/17 06.25.47 pm] E:\Delphi Xe\Embarcadero\Studio\17.0\Bin\licensemanager.exe -reg -skey 8217_20 -loadKey 2023 -a

[01/29/17 06.25.47 pm] Looking for license INI file:E:\Delphi Xe\Embarcadero\Studio\17.0\Bin\cglm.ini

[01/29/17 06.25.47 pm] INI file located.

[01/29/17 06.25.47 pm] Initializing LicenseManager.exe
[01/29/17 06.25.47 pm] License Repository Directory:C:\ProgramData\Embarcadero\
[01/29/17 06.25.47 pm] Default License Directory:E:\Delphi Xe\Embarcadero\Studio\17.0\Bin\\..\License
[01/29/17 06.25.47 pm] Root Directory:E:\Delphi Xe\Embarcadero\Studio\17.0\Bin\\..
[01/29/17 06.25.47 pm] License Dir Exists: True
[01/29/17 06.25.47 pm] Root Dir Exists: True
[01/29/17 06.25.47 pm] Default Dir Exists: True
[01/29/17 06.25.47 pm] ProductId:8217 - SkuId:20

[01/29/17 06.25.54 pm] E:\Delphi Xe\Embarcadero\Studio\17.0\Bin\licensemanager.exe -reg -skey 8217_20 -loadKey 2023 -a

[01/29/17 06.25.54 pm] Looking for license INI file:E:\Delphi Xe\Embarcadero\Studio\17.0\Bin\cglm.ini

[01/29/17 06.25.54 pm] INI file located.

[01/29/17 06.25.54 pm] Initializing LicenseManager.exe
[01/29/17 06.25.54 pm] License Repository Directory:C:\ProgramData\Embarcadero\
[01/29/17 06.25.54 pm] Default License Directory:E:\Delphi Xe\Embarcadero\Studio\17.0\Bin\\..\License
[01/29/17 06.25.54 pm] Root Directory:E:\Delphi Xe\Embarcadero\Studio\17.0\Bin\\..
[01/29/17 06.25.54 pm] License Dir Exists: True
[01/29/17 06.25.54 pm] Root Dir Exists: True
[01/29/17 06.25.54 pm] Default Dir Exists: True
[01/29/17 06.25.54 pm] ProductId:8217 - SkuId:20

[01/29/17 06.26.28 pm] EDN User Name:muhammadwali94@gmail
[01/29/17 06.26.28 pm] ProductID being registered: 8217
[01/29/17 06.26.28 pm] Serial being registered: CNFA-A3AKAK-F3BBCL-FCNN
[01/29/17 06.26.28 pm] Starting Registration Process.

[01/29/17 06.26.32 pm] Completed Registration Process.
[01/29/17 06.26.32 pm] Registration Error Code: 4
[01/29/17 06.26.32 pm] Registration Message: Failure attempting to connect to registration server: license. embarcadero.com
Correct the error and attempt to register again.

[01/29/17 06.28.09 pm] EDN User Name:muhammadwali94@gmail
[01/29/17 06.28.09 pm] ProductID being registered: 8217
[01/29/17 06.28.09 pm] Serial being registered: CNFA-A3AKAK-F3BBCL-FCNN
[01/29/17 06.28.09 pm] Starting Registration Process.

[01/29/17 06.28.42 pm] Completed Registration Process.
[01/29/17 06.28.42 pm] Registration Error Code: 4
[01/29/17 06.28.42 pm] Registration Message: Failure attempting to connect to registration server: license. embarcadero.com
Correct the error and attempt to register again.

[01/29/17 06.29.31 pm] EDN User Name:muhammadwali94@gmail
[01/29/17 06.29.31 pm] ProductID being registered: 8217
[01/29/17 06.29.31 pm] Serial being registered: HNFA-NCADNK-F3BBCK-FCRN
[01/29/17 06.29.31 pm] Starting Registration Process.

[01/29/17 06.29.55 pm] Completed Registration Process.
[01/29/17 06.29.55 pm] Registration Error Code: 11
[01/29/17 06.29.55 pm] Registration Message: The serial number provided is not valid. (11) Correct the data and  try again. If the error occurs, use telephone registration.
Correct the error and attempt to register again.

[01/29/17 06.30.36 pm] E:\Delphi Xe\Embarcadero\Studio\17.0\Bin\LicenseManager.exe -reg -skey 8217_21 -loadKey 2023 -a

[01/29/17 06.30.36 pm] Looking for license INI file:E:\Delphi Xe\Embarcadero\Studio\17.0\Bin\cglm.ini

[01/29/17 06.30.36 pm] INI file located.

[01/29/17 06.30.36 pm] Initializing LicenseManager.exe
[01/29/17 06.30.36 pm] License Repository Directory:C:\ProgramData\Embarcadero\
[01/29/17 06.30.36 pm] Default License Directory:E:\Delphi Xe\Embarcadero\Studio\17.0\Bin\\..\License
[01/29/17 06.30.36 pm] Root Directory:E:\Delphi Xe\Embarcadero\Studio\17.0\Bin\\..
[01/29/17 06.30.36 pm] License Dir Exists: True
[01/29/17 06.30.36 pm] Root Dir Exists: True
[01/29/17 06.30.36 pm] Default Dir Exists: True
[01/29/17 06.30.36 pm] ProductId:8217 - SkuId:21

[01/29/17 06.31.45 pm] E:\Delphi Xe\Embarcadero\Studio\17.0\Bin\LicenseManager.exe -reg -skey 8217_21 -loadKey 2023 -a

[01/29/17 06.31.45 pm] Looking for license INI file:E:\Delphi Xe\Embarcadero\Studio\17.0\Bin\cglm.ini

[01/29/17 06.31.45 pm] INI file located.

[01/29/17 06.31.45 pm] Initializing LicenseManager.exe
[01/29/17 06.31.45 pm] License Repository Directory:C:\ProgramData\Embarcadero\
[01/29/17 06.31.45 pm] Default License Directory:E:\Delphi Xe\Embarcadero\Studio\17.0\Bin\\..\License
[01/29/17 06.31.45 pm] Root Directory:E:\Delphi Xe\Embarcadero\Studio\17.0\Bin\\..
[01/29/17 06.31.45 pm] License Dir Exists: True
[01/29/17 06.31.45 pm] Root Dir Exists: True
[01/29/17 06.31.45 pm] Default Dir Exists: True
[01/29/17 06.31.45 pm] ProductId:8217 - SkuId:21

[01/29/17 06.31.47 pm] E:\Delphi Xe\Embarcadero\Studio\17.0\Bin\licensemanager.exe -reg -skey 8217_20 -loadKey 2023 -a

[01/29/17 06.31.47 pm] Looking for license INI file:E:\Delphi Xe\Embarcadero\Studio\17.0\Bin\cglm.ini

[01/29/17 06.31.47 pm] INI file located.

[01/29/17 06.31.47 pm] Initializing LicenseManager.exe
[01/29/17 06.31.47 pm] License Repository Directory:C:\ProgramData\Embarcadero\
[01/29/17 06.31.47 pm] Default License Directory:E:\Delphi Xe\Embarcadero\Studio\17.0\Bin\\..\License
[01/29/17 06.31.47 pm] Root Directory:E:\Delphi Xe\Embarcadero\Studio\17.0\Bin\\..
[01/29/17 06.31.47 pm] License Dir Exists: True
[01/29/17 06.31.47 pm] Root Dir Exists: True
[01/29/17 06.31.47 pm] Default Dir Exists: True
[01/29/17 06.31.47 pm] ProductId:8217 - SkuId:20

[01/29/17 06.33.22 pm] EDN User Name:muhammadwali94@gmail.com
[01/29/17 06.33.22 pm] ProductID being registered: 8217
[01/29/17 06.33.22 pm] Serial being registered: MNFA-ACA7P7-FABBCE-FARN
[01/29/17 06.33.22 pm] Starting Registration Process.

[01/29/17 06.33.56 pm] Completed Registration Process.
[01/29/17 06.33.56 pm] Registration Error Code: 4
[01/29/17 06.33.56 pm] Registration Message: Failure attempting to connect to registration server: license. embarcadero.com
Correct the error and attempt to register again.

[01/29/17 06.34.14 pm] EDN User Name:muhammadwali94@gmail.com
[01/29/17 06.34.14 pm] ProductID being registered: 8217
[01/29/17 06.34.14 pm] Serial being registered: MNFA-ACA7P7-FABBCE-FARN
[01/29/17 06.34.14 pm] Starting Registration Process.

[01/29/17 06.34.31 pm] Completed Registration Process.
[01/29/17 06.34.31 pm] Registration Error Code: 11
[01/29/17 06.34.31 pm] Registration Message: The serial number provided is not valid. (11) Correct the data and  try again. If the error occurs, use telephone registration.
Correct the error and attempt to register again.

[01/29/17 06.35.00 pm] E:\Delphi Xe\Embarcadero\Studio\17.0\Bin\licensemanager.exe -reg -skey 8217_20 -loadKey 2023 -a

[01/29/17 06.35.00 pm] Looking for license INI file:E:\Delphi Xe\Embarcadero\Studio\17.0\Bin\cglm.ini

[01/29/17 06.35.00 pm] INI file located.

[01/29/17 06.35.00 pm] Initializing LicenseManager.exe
[01/29/17 06.35.00 pm] License Repository Directory:C:\ProgramData\Embarcadero\
[01/29/17 06.35.00 pm] Default License Directory:E:\Delphi Xe\Embarcadero\Studio\17.0\Bin\\..\License
[01/29/17 06.35.00 pm] Root Directory:E:\Delphi Xe\Embarcadero\Studio\17.0\Bin\\..
[01/29/17 06.35.00 pm] License Dir Exists: True
[01/29/17 06.35.00 pm] Root Dir Exists: True
[01/29/17 06.35.00 pm] Default Dir Exists: True
[01/29/17 06.35.00 pm] ProductId:8217 - SkuId:20

[01/29/17 06.37.44 pm] E:\Delphi Xe\Embarcadero\Studio\17.0\Bin\LicenseManager.exe -reg -skey 8217_21 -loadKey 2023 -a

[01/29/17 06.37.44 pm] Looking for license INI file:E:\Delphi Xe\Embarcadero\Studio\17.0\Bin\cglm.ini

[01/29/17 06.37.44 pm] INI file located.

[01/29/17 06.37.44 pm] Initializing LicenseManager.exe
[01/29/17 06.37.44 pm] License Repository Directory:C:\ProgramData\Embarcadero\
[01/29/17 06.37.44 pm] Default License Directory:E:\Delphi Xe\Embarcadero\Studio\17.0\Bin\\..\License
[01/29/17 06.37.44 pm] Root Directory:E:\Delphi Xe\Embarcadero\Studio\17.0\Bin\\..
[01/29/17 06.37.44 pm] License Dir Exists: True
[01/29/17 06.37.44 pm] Root Dir Exists: True
[01/29/17 06.37.44 pm] Default Dir Exists: True
[01/29/17 06.37.44 pm] ProductId:8217 - SkuId:21

[01/29/17 06.42.08 pm] E:\Delphi Xe\Embarcadero\Studio\17.0\Bin\LicenseManager.exe -reg -skey 8217_21 -loadKey 2023 -a

[01/29/17 06.42.08 pm] Looking for license INI file:E:\Delphi Xe\Embarcadero\Studio\17.0\Bin\cglm.ini

[01/29/17 06.42.08 pm] INI file located.

[01/29/17 06.42.08 pm] Initializing LicenseManager.exe
[01/29/17 06.42.08 pm] License Repository Directory:C:\ProgramData\Embarcadero\
[01/29/17 06.42.08 pm] Default License Directory:E:\Delphi Xe\Embarcadero\Studio\17.0\Bin\\..\License
[01/29/17 06.42.08 pm] Root Directory:E:\Delphi Xe\Embarcadero\Studio\17.0\Bin\\..
[01/29/17 06.42.08 pm] License Dir Exists: True
[01/29/17 06.42.08 pm] Root Dir Exists: True
[01/29/17 06.42.08 pm] Default Dir Exists: True
[01/29/17 06.42.08 pm] ProductId:8217 - SkuId:21

[01/29/17 06.43.04 pm] E:\Delphi Xe\Embarcadero\Studio\17.0\Bin\licensemanager.exe -reg -skey 8217_20 -loadKey 2023 -a

[01/29/17 06.43.04 pm] Looking for license INI file:E:\Delphi Xe\Embarcadero\Studio\17.0\Bin\cglm.ini

[01/29/17 06.43.04 pm] INI file located.

[01/29/17 06.43.05 pm] Initializing LicenseManager.exe
[01/29/17 06.43.05 pm] License Repository Directory:C:\ProgramData\Embarcadero\
[01/29/17 06.43.05 pm] Default License Directory:E:\Delphi Xe\Embarcadero\Studio\17.0\Bin\\..\License
[01/29/17 06.43.05 pm] Root Directory:E:\Delphi Xe\Embarcadero\Studio\17.0\Bin\\..
[01/29/17 06.43.05 pm] License Dir Exists: True
[01/29/17 06.43.05 pm] Root Dir Exists: True
[01/29/17 06.43.05 pm] Default Dir Exists: True
[01/29/17 06.43.05 pm] ProductId:8217 - SkuId:20

[01/29/17 06.45.24 pm] EDN User Name:akhywali
[01/29/17 06.45.24 pm] ProductID being registered: 8217
[01/29/17 06.45.24 pm] Serial being registered: MNAA-NDDABS-AJABCE-FARN
[01/29/17 06.45.24 pm] Starting Registration Process.

[01/29/17 06.45.57 pm] Completed Registration Process.
[01/29/17 06.45.57 pm] Registration Error Code: 4
[01/29/17 06.45.57 pm] Registration Message: Failure attempting to connect to registration server: license. embarcadero.com
Correct the error and attempt to register again.

[01/29/17 06.46.45 pm] E:\Delphi Xe\Embarcadero\Studio\17.0\Bin\licensemanager.exe -reg -skey 8217_20 -loadKey 2023 -a

[01/29/17 06.46.45 pm] Looking for license INI file:E:\Delphi Xe\Embarcadero\Studio\17.0\Bin\cglm.ini

[01/29/17 06.46.45 pm] INI file located.

[01/29/17 06.46.45 pm] Initializing LicenseManager.exe
[01/29/17 06.46.45 pm] License Repository Directory:C:\ProgramData\Embarcadero\
[01/29/17 06.46.45 pm] Default License Directory:E:\Delphi Xe\Embarcadero\Studio\17.0\Bin\\..\License
[01/29/17 06.46.45 pm] Root Directory:E:\Delphi Xe\Embarcadero\Studio\17.0\Bin\\..
[01/29/17 06.46.45 pm] License Dir Exists: True
[01/29/17 06.46.45 pm] Root Dir Exists: True
[01/29/17 06.46.45 pm] Default Dir Exists: True
[01/29/17 06.46.45 pm] ProductId:8217 - SkuId:20

[01/29/17 06.50.14 pm] E:\Delphi Xe\Embarcadero\Studio\17.0\Bin\LicenseManager.exe -reg -skey 8217_21 -loadKey 2023 -a

[01/29/17 06.50.14 pm] Looking for license INI file:E:\Delphi Xe\Embarcadero\Studio\17.0\Bin\cglm.ini

[01/29/17 06.50.14 pm] INI file located.

[01/29/17 06.50.14 pm] Initializing LicenseManager.exe
[01/29/17 06.50.14 pm] License Repository Directory:C:\ProgramData\Embarcadero\
[01/29/17 06.50.14 pm] Default License Directory:E:\Delphi Xe\Embarcadero\Studio\17.0\Bin\\..\License
[01/29/17 06.50.14 pm] Root Directory:E:\Delphi Xe\Embarcadero\Studio\17.0\Bin\\..
[01/29/17 06.50.14 pm] License Dir Exists: True
[01/29/17 06.50.14 pm] Root Dir Exists: True
[01/29/17 06.50.14 pm] Default Dir Exists: True
[01/29/17 06.50.14 pm] ProductId:8217 - SkuId:21

[01/29/17 07.41.57 pm] E:\Delphi Xe\Embarcadero\Studio\17.0\Bin\licensemanager.exe -reg -skey 8217_20 -loadKey 2023 -a

[01/29/17 07.41.57 pm] Looking for license INI file:E:\Delphi Xe\Embarcadero\Studio\17.0\Bin\cglm.ini

[01/29/17 07.41.57 pm] INI file located.

[01/29/17 07.41.57 pm] Initializing LicenseManager.exe
[01/29/17 07.41.57 pm] License Repository Directory:C:\ProgramData\Embarcadero\
[01/29/17 07.41.57 pm] Default License Directory:E:\Delphi Xe\Embarcadero\Studio\17.0\Bin\\..\License
[01/29/17 07.41.57 pm] Root Directory:E:\Delphi Xe\Embarcadero\Studio\17.0\Bin\\..
[01/29/17 07.41.57 pm] License Dir Exists: True
[01/29/17 07.41.57 pm] Root Dir Exists: True
[01/29/17 07.41.57 pm] Default Dir Exists: True
[01/29/17 07.41.57 pm] ProductId:8217 - SkuId:20

[01/29/17 07.42.06 pm] E:\Delphi Xe\Embarcadero\Studio\17.0\Bin\licensemanager.exe -reg -skey 8217_20 -loadKey 2023 -a

[01/29/17 07.42.06 pm] Looking for license INI file:E:\Delphi Xe\Embarcadero\Studio\17.0\Bin\cglm.ini

[01/29/17 07.42.06 pm] INI file located.

[01/29/17 07.42.06 pm] Initializing LicenseManager.exe
[01/29/17 07.42.06 pm] License Repository Directory:C:\ProgramData\Embarcadero\
[01/29/17 07.42.06 pm] Default License Directory:E:\Delphi Xe\Embarcadero\Studio\17.0\Bin\\..\License
[01/29/17 07.42.06 pm] Root Directory:E:\Delphi Xe\Embarcadero\Studio\17.0\Bin\\..
[01/29/17 07.42.06 pm] License Dir Exists: True
[01/29/17 07.42.06 pm] Root Dir Exists: True
[01/29/17 07.42.06 pm] Default Dir Exists: True
[01/29/17 07.42.06 pm] ProductId:8217 - SkuId:20

[01/29/17 07.42.09 pm] E:\Delphi Xe\Embarcadero\Studio\17.0\bin\licensemanager.exe -reg -skey 8217_20 -loadKey 2023 -a

[01/29/17 07.42.09 pm] Looking for license INI file:E:\Delphi Xe\Embarcadero\Studio\17.0\bin\cglm.ini

[01/29/17 07.42.09 pm] INI file located.

[01/29/17 07.42.09 pm] Initializing LicenseManager.exe
[01/29/17 07.42.09 pm] License Repository Directory:C:\ProgramData\Embarcadero\
[01/29/17 07.42.09 pm] Default License Directory:E:\Delphi Xe\Embarcadero\Studio\17.0\bin\\..\License
[01/29/17 07.42.09 pm] Root Directory:E:\Delphi Xe\Embarcadero\Studio\17.0\bin\\..
[01/29/17 07.42.09 pm] License Dir Exists: True
[01/29/17 07.42.09 pm] Root Dir Exists: True
[01/29/17 07.42.09 pm] Default Dir Exists: True
[01/29/17 07.42.09 pm] ProductId:8217 - SkuId:20

[01/29/17 07.50.27 pm] E:\Delphi Xe\Embarcadero\Studio\17.0\bin\licensemanager.exe -reg -skey 8217_20 -loadKey 2023 -a

[01/29/17 07.50.27 pm] Looking for license INI file:E:\Delphi Xe\Embarcadero\Studio\17.0\bin\cglm.ini

[01/29/17 07.50.27 pm] INI file located.

[01/29/17 07.50.27 pm] Initializing LicenseManager.exe
[01/29/17 07.50.27 pm] License Repository Directory:C:\ProgramData\Embarcadero\
[01/29/17 07.50.27 pm] Default License Directory:E:\Delphi Xe\Embarcadero\Studio\17.0\bin\\..\License
[01/29/17 07.50.27 pm] Root Directory:E:\Delphi Xe\Embarcadero\Studio\17.0\bin\\..
[01/29/17 07.50.27 pm] License Dir Exists: True
[01/29/17 07.50.27 pm] Root Dir Exists: True
[01/29/17 07.50.27 pm] Default Dir Exists: True
[01/29/17 07.50.27 pm] ProductId:8217 - SkuId:20

[01/29/17 08.12.11 pm] E:\Delphi Xe\Embarcadero\Studio\17.0\Bin\licensemanager.exe -reg -skey 8217_20 -loadKey 2023 -a

[01/29/17 08.12.11 pm] Looking for license INI file:E:\Delphi Xe\Embarcadero\Studio\17.0\Bin\cglm.ini

[01/29/17 08.12.11 pm] INI file located.

[01/29/17 08.12.11 pm] Initializing LicenseManager.exe
[01/29/17 08.12.11 pm] License Repository Directory:C:\ProgramData\Embarcadero\
[01/29/17 08.12.11 pm] Default License Directory:E:\Delphi Xe\Embarcadero\Studio\17.0\Bin\\..\License
[01/29/17 08.12.11 pm] Root Directory:E:\Delphi Xe\Embarcadero\Studio\17.0\Bin\\..
[01/29/17 08.12.11 pm] License Dir Exists: True
[01/29/17 08.12.11 pm] Root Dir Exists: True
[01/29/17 08.12.11 pm] Default Dir Exists: True
[01/29/17 08.12.11 pm] ProductId:8217 - SkuId:20

[01/29/17 08.12.16 pm] EDN User Name:
[01/29/17 08.12.16 pm] ProductID being registered: 8217
[01/29/17 08.12.16 pm] Serial being registered: CSAD-3XCEQF-46N5FL-M4QS
[01/29/17 08.12.16 pm] Starting Registration Process.

[01/29/17 08.12.50 pm] Completed Registration Process.
[01/29/17 08.12.50 pm] Registration Error Code: 0
[01/29/17 08.12.50 pm] Registration Message: You have successfully registered your Embarcadero product.  Click Finish to exit.

[03/13/17 01.37.53 am] C:\Users\DELL\AppData\Local\Temp\mia1\LicenseManager.exe -silentUpdate

[03/13/17 01.37.53 am] Looking for license INI file:C:\Users\DELL\AppData\Local\Temp\mia1\cglm.ini

[03/13/17 01.37.53 am] INI file located.

[03/13/17 01.37.53 am] Initializing LicenseManager.exe
[03/13/17 01.37.53 am] License Repository Directory:C:\ProgramData\Embarcadero\
[03/13/17 01.37.53 am] Default License Directory:C:\Users\DELL\AppData\Local\Temp\mia1\\..\License
[03/13/17 01.37.53 am] Root Directory:C:\Users\DELL\AppData\Local\Temp\mia1\\..
[03/13/17 01.37.53 am] License Dir Exists: True
[03/13/17 01.37.53 am] Root Dir Exists: True
[03/13/17 01.37.53 am] Default Dir Exists: False
[03/13/17 01.37.53 am] ProductId:-1 - SkuId:-1

[03/13/17 01.39.36 am] C:\Users\DELL\AppData\Local\Temp\mia1\LicenseManager.exe

[03/13/17 01.39.36 am] Looking for license INI file:C:\Users\DELL\AppData\Local\Temp\mia1\cglm.ini

[03/13/17 01.39.36 am] INI file located.

[03/13/17 01.39.36 am] Initializing LicenseManager.exe
[03/13/17 01.39.36 am] License Repository Directory:C:\ProgramData\Embarcadero\
[03/13/17 01.39.36 am] Default License Directory:C:\Users\DELL\AppData\Local\Temp\mia1\\..\License
[03/13/17 01.39.36 am] Root Directory:C:\Users\DELL\AppData\Local\Temp\mia1\\..
[03/13/17 01.39.36 am] License Dir Exists: True
[03/13/17 01.39.36 am] Root Dir Exists: True
[03/13/17 01.39.36 am] Default Dir Exists: True
[03/13/17 01.39.36 am] ProductId:-1 - SkuId:-1

[03/13/17 01.41.12 am] C:\Users\DELL\AppData\Local\Temp\mia1\LicenseManager.exe -silentUpdate

[03/13/17 01.41.12 am] Looking for license INI file:C:\Users\DELL\AppData\Local\Temp\mia1\cglm.ini

[03/13/17 01.41.12 am] INI file located.

[03/13/17 01.41.12 am] Initializing LicenseManager.exe
[03/13/17 01.41.12 am] License Repository Directory:C:\ProgramData\Embarcadero\
[03/13/17 01.41.12 am] Default License Directory:C:\Users\DELL\AppData\Local\Temp\mia1\\..\License
[03/13/17 01.41.12 am] Root Directory:C:\Users\DELL\AppData\Local\Temp\mia1\\..
[03/13/17 01.41.12 am] License Dir Exists: True
[03/13/17 01.41.12 am] Root Dir Exists: True
[03/13/17 01.41.12 am] Default Dir Exists: True
[03/13/17 01.41.12 am] ProductId:-1 - SkuId:-1

[03/13/17 01.41.17 am] C:\Users\DELL\AppData\Local\Temp\mia1\LicenseManager.exe

[03/13/17 01.41.17 am] Looking for license INI file:C:\Users\DELL\AppData\Local\Temp\mia1\cglm.ini

[03/13/17 01.41.17 am] INI file located.

[03/13/17 01.41.17 am] Initializing LicenseManager.exe
[03/13/17 01.41.17 am] License Repository Directory:C:\ProgramData\Embarcadero\
[03/13/17 01.41.17 am] Default License Directory:C:\Users\DELL\AppData\Local\Temp\mia1\\..\License
[03/13/17 01.41.17 am] Root Directory:C:\Users\DELL\AppData\Local\Temp\mia1\\..
[03/13/17 01.41.17 am] License Dir Exists: True
[03/13/17 01.41.17 am] Root Dir Exists: True
[03/13/17 01.41.17 am] Default Dir Exists: True
[03/13/17 01.41.17 am] ProductId:-1 - SkuId:-1

