[08/25/16 05.50 PM ]Both license storage C:\ProgramData\Embarcadero\.licenses\.cg_license and backup file are missing. Will create new ones.
[08/25/16 05.50 PM ]----------------------------------------
[08/25/16 05.50 PM ]Operating System: Windows
[08/25/16 05.50 PM ]Current User: DELL
[08/25/16 05.50 PM ]System Registration Key: 6110533
[08/25/16 05.50 PM ]Node Lock: 76RZQVUXB1J75QE
[08/25/16 05.50 PM ]
[08/25/16 05.50 PM ]----------------------------------------
[08/25/16 05.50 PM ]
[08/25/16 05.50 PM ]
[08/25/16 05.50 PM ]License: RAD Studio XE6
[08/25/16 05.50 PM ]Registration Key=0
[08/25/16 05.50 PM ]----------------------------------------
[08/25/16 05.50 PM ]Operating System: Windows
[08/25/16 05.50 PM ]Current User: DELL
[08/25/16 05.50 PM ]System Registration Key: 6110533
[08/25/16 05.50 PM ]Node Lock: 76RZQVUXB1J75QE
[08/25/16 05.50 PM ]
[08/25/16 05.50 PM ]----------------------------------------
[08/25/16 05.50 PM ]
[08/25/16 05.50 PM ]
[08/25/16 05.50 PM ]License: RAD Studio XE6
[08/25/16 05.50 PM ]Registration Key=0
[08/25/16 05.54 PM ]----------------------------------------
[08/25/16 05.54 PM ]Operating System: Windows
[08/25/16 05.54 PM ]Current User: DELL
[08/25/16 05.54 PM ]System Registration Key: 6110533
[08/25/16 05.54 PM ]Node Lock: 76RZQVUXB1J75QE
[08/25/16 05.54 PM ]
[08/25/16 05.54 PM ]----------------------------------------
[08/25/16 05.54 PM ]
[08/25/16 05.54 PM ]
[08/25/16 05.54 PM ]License: RAD Studio XE6 Architect
[08/25/16 05.54 PM ]Registration Key=6110533
[08/25/16 05.54 PM ]Serial Number=HNFA-N3DNPN-FKBBCD-FCNN
[08/25/16 05.54 PM ]
[08/25/16 05.54 PM ]
[08/25/16 05.54 PM ]License: RAD Studio XE6
[08/25/16 05.54 PM ]Registration Key=0
[08/25/16 05.54 PM ]----------------------------------------
[08/25/16 05.54 PM ]Operating System: Windows
[08/25/16 05.54 PM ]Current User: DELL
[08/25/16 05.54 PM ]System Registration Key: 6110533
[08/25/16 05.54 PM ]Node Lock: 76RZQVUXB1J75QE
[08/25/16 05.54 PM ]
[08/25/16 05.54 PM ]----------------------------------------
[08/25/16 05.54 PM ]
[08/25/16 05.54 PM ]
[08/25/16 05.54 PM ]License: RAD Studio XE6 Architect
[08/25/16 05.54 PM ]Registration Key=6110533
[08/25/16 05.54 PM ]Serial Number=HNFA-N3DNPN-FKBBCD-FCNN
[08/25/16 05.54 PM ]
[08/25/16 05.54 PM ]
[08/25/16 05.54 PM ]License: RAD Studio XE6
[08/25/16 05.54 PM ]Registration Key=0
[08/25/16 06.00 PM ]----------------------------------------
[08/25/16 06.00 PM ]Operating System: Windows
[08/25/16 06.00 PM ]Current User: DELL
[08/25/16 06.00 PM ]System Registration Key: 6110533
[08/25/16 06.00 PM ]Node Lock: 76RZQVUXB1J75QE
[08/25/16 06.00 PM ]
[08/25/16 06.00 PM ]----------------------------------------
[08/25/16 06.00 PM ]Unreg #0 MNAA-NDDABS-AJABCE-FARN
[08/25/16 06.00 PM ]Unreg #1 MNFA-ACA7P7-FABBCE-FARN
[08/25/16 06.00 PM ]
[08/25/16 06.00 PM ]
[08/25/16 06.00 PM ]License: RAD Studio XE6 Architect
[08/25/16 06.00 PM ]Registration Key=6110533
[08/25/16 06.00 PM ]Serial Number=CNFA-AADNBS-ABABCD-FCNN
[08/25/16 06.00 PM ]
[08/25/16 06.00 PM ]
[08/25/16 06.00 PM ]License: RAD Studio XE6
[08/25/16 06.00 PM ]Registration Key=0
[08/25/16 06.00 PM ]----------------------------------------
[08/25/16 06.00 PM ]Operating System: Windows
[08/25/16 06.00 PM ]Current User: DELL
[08/25/16 06.00 PM ]System Registration Key: 6110533
[08/25/16 06.00 PM ]Node Lock: 76RZQVUXB1J75QE
[08/25/16 06.00 PM ]
[08/25/16 06.00 PM ]----------------------------------------
[08/25/16 06.00 PM ]Unreg #0 MNAA-NDDABS-AJABCE-FARN
[08/25/16 06.00 PM ]Unreg #1 MNFA-ACA7P7-FABBCE-FARN
[08/25/16 06.00 PM ]
[08/25/16 06.00 PM ]
[08/25/16 06.00 PM ]License: RAD Studio XE6 Architect
[08/25/16 06.00 PM ]Registration Key=6110533
[08/25/16 06.00 PM ]Serial Number=CNFA-AADNBS-ABABCD-FCNN
[08/25/16 06.00 PM ]
[08/25/16 06.00 PM ]
[08/25/16 06.00 PM ]License: RAD Studio XE6
[08/25/16 06.00 PM ]Registration Key=0
[08/25/16 06.00 PM ]----------------------------------------
[08/25/16 06.00 PM ]Operating System: Windows
[08/25/16 06.00 PM ]Current User: DELL
[08/25/16 06.00 PM ]System Registration Key: 6110533
[08/25/16 06.00 PM ]Node Lock: 76RZQVUXB1J75QE
[08/25/16 06.00 PM ]
[08/25/16 06.00 PM ]----------------------------------------
[08/25/16 06.00 PM ]Unreg #0 MNAA-NDDABS-AJABCE-FARN
[08/25/16 06.00 PM ]Unreg #1 MNFA-ACA7P7-FABBCE-FARN
[08/25/16 06.00 PM ]
[08/25/16 06.00 PM ]
[08/25/16 06.00 PM ]License: RAD Studio XE6 Architect
[08/25/16 06.00 PM ]Registration Key=6110533
[08/25/16 06.00 PM ]Serial Number=CNFA-AADNBS-ABABCD-FCNN
[08/25/16 06.00 PM ]
[08/25/16 06.00 PM ]
[08/25/16 06.00 PM ]License: RAD Studio XE6
[08/25/16 06.00 PM ]Registration Key=0
[08/25/16 06.00 PM ]----------------------------------------
[08/25/16 06.00 PM ]Operating System: Windows
[08/25/16 06.00 PM ]Current User: DELL
[08/25/16 06.00 PM ]System Registration Key: 6110533
[08/25/16 06.00 PM ]Node Lock: 76RZQVUXB1J75QE
[08/25/16 06.00 PM ]
[08/25/16 06.00 PM ]----------------------------------------
[08/25/16 06.00 PM ]Unreg #0 MNAA-NDDABS-AJABCE-FARN
[08/25/16 06.00 PM ]Unreg #1 MNFA-ACA7P7-FABBCE-FARN
[08/25/16 06.00 PM ]
[08/25/16 06.00 PM ]
[08/25/16 06.00 PM ]License: RAD Studio XE6 Architect
[08/25/16 06.00 PM ]Registration Key=6110533
[08/25/16 06.00 PM ]Serial Number=CNFA-AADNBS-ABABCD-FCNN
[08/25/16 06.00 PM ]
[08/25/16 06.00 PM ]
[08/25/16 06.00 PM ]License: RAD Studio XE6
[08/25/16 06.00 PM ]Registration Key=0
[08/25/16 06.00 PM ]----------------------------------------
[08/25/16 06.00 PM ]Operating System: Windows
[08/25/16 06.00 PM ]Current User: DELL
[08/25/16 06.00 PM ]System Registration Key: 6110533
[08/25/16 06.00 PM ]Node Lock: 76RZQVUXB1J75QE
[08/25/16 06.00 PM ]
[08/25/16 06.00 PM ]----------------------------------------
[08/25/16 06.00 PM ]Unreg #0 MNAA-NDDABS-AJABCE-FARN
[08/25/16 06.00 PM ]Unreg #1 MNFA-ACA7P7-FABBCE-FARN
[08/25/16 06.00 PM ]
[08/25/16 06.00 PM ]
[08/25/16 06.00 PM ]License: RAD Studio XE6 Architect
[08/25/16 06.00 PM ]Registration Key=6110533
[08/25/16 06.00 PM ]Serial Number=CNFA-AADNBS-ABABCD-FCNN
[08/25/16 06.00 PM ]
[08/25/16 06.00 PM ]
[08/25/16 06.00 PM ]License: RAD Studio XE6
[08/25/16 06.00 PM ]Registration Key=0
[08/25/16 06.09 PM ]----------------------------------------
[08/25/16 06.09 PM ]Operating System: Windows
[08/25/16 06.09 PM ]Current User: DELL
[08/25/16 06.09 PM ]System Registration Key: 6110533
[08/25/16 06.09 PM ]Node Lock: 76RZQVUXB1J75QE
[08/25/16 06.09 PM ]
[08/25/16 06.09 PM ]----------------------------------------
[08/25/16 06.09 PM ]Unreg #0 MNAA-NDDABS-AJABCE-FARN
[08/25/16 06.09 PM ]Unreg #1 MNFA-ACA7P7-FABBCE-FARN
[08/25/16 06.09 PM ]
[08/25/16 06.09 PM ]
[08/25/16 06.09 PM ]License: RAD Studio XE6 Architect
[08/25/16 06.09 PM ]Registration Key=6110533
[08/25/16 06.09 PM ]Serial Number=CNFA-AADNBS-ABABCD-FCNN
[08/25/16 06.09 PM ]
[08/25/16 06.09 PM ]
[08/25/16 06.09 PM ]License: RAD Studio XE6
[08/25/16 06.09 PM ]Registration Key=0
[08/25/16 10.19 PM ]----------------------------------------
[08/25/16 10.19 PM ]Operating System: Windows
[08/25/16 10.19 PM ]Current User: DELL
[08/25/16 10.19 PM ]System Registration Key: 6110533
[08/25/16 10.19 PM ]Node Lock: 76RZQVUXB1J75QE
[08/25/16 10.19 PM ]
[08/25/16 10.19 PM ]----------------------------------------
[08/25/16 10.19 PM ]Unreg #0 MNAA-NDDABS-AJABCE-FARN
[08/25/16 10.19 PM ]Unreg #1 MNFA-ACA7P7-FABBCE-FARN
[08/25/16 10.19 PM ]
[08/25/16 10.19 PM ]
[08/25/16 10.19 PM ]License: RAD Studio XE6 Architect
[08/25/16 10.19 PM ]Registration Key=6110533
[08/25/16 10.19 PM ]Serial Number=CNFA-AADNBS-ABABCD-FCNN
[08/25/16 10.19 PM ]
[08/25/16 10.19 PM ]
[08/25/16 10.19 PM ]License: RAD Studio XE6
[08/25/16 10.19 PM ]Registration Key=0
[08/25/16 10.20 PM ]----------------------------------------
[08/25/16 10.20 PM ]Operating System: Windows
[08/25/16 10.20 PM ]Current User: DELL
[08/25/16 10.20 PM ]System Registration Key: 6110533
[08/25/16 10.20 PM ]Node Lock: 76RZQVUXB1J75QE
[08/25/16 10.20 PM ]
[08/25/16 10.20 PM ]----------------------------------------
[08/25/16 10.20 PM ]Unreg #0 MNAA-NDDABS-AJABCE-FARN
[08/25/16 10.20 PM ]Unreg #1 MNFA-ACA7P7-FABBCE-FARN
[08/25/16 10.20 PM ]
[08/25/16 10.20 PM ]
[08/25/16 10.20 PM ]License: RAD Studio XE6 Architect
[08/25/16 10.20 PM ]Registration Key=6110533
[08/25/16 10.20 PM ]Serial Number=CNFA-AADNBS-ABABCD-FCNN
[08/25/16 10.20 PM ]
[08/25/16 10.20 PM ]
[08/25/16 10.20 PM ]License: RAD Studio XE6
[08/25/16 10.20 PM ]Registration Key=0
[08/25/16 10.23 PM ]----------------------------------------
[08/25/16 10.23 PM ]Operating System: Windows
[08/25/16 10.23 PM ]Current User: DELL
[08/25/16 10.23 PM ]System Registration Key: 6110533
[08/25/16 10.23 PM ]Node Lock: 76RZQVUXB1J75QE
[08/25/16 10.23 PM ]
[08/25/16 10.23 PM ]----------------------------------------
[08/25/16 10.23 PM ]Unreg #0 MNAA-NDDABS-AJABCE-FARN
[08/25/16 10.23 PM ]Unreg #1 MNFA-ACA7P7-FABBCE-FARN
[08/25/16 10.23 PM ]
[08/25/16 10.23 PM ]
[08/25/16 10.23 PM ]License: RAD Studio XE6 Architect
[08/25/16 10.23 PM ]Registration Key=6110533
[08/25/16 10.23 PM ]Serial Number=CNFA-AADNBS-ABABCD-FCNN
[08/25/16 10.23 PM ]
[08/25/16 10.23 PM ]
[08/25/16 10.23 PM ]License: RAD Studio XE6
[08/25/16 10.23 PM ]Registration Key=0
[08/26/16 11.25 AM ]----------------------------------------
[08/26/16 11.25 AM ]Operating System: Windows
[08/26/16 11.25 AM ]Current User: DELL
[08/26/16 11.25 AM ]System Registration Key: 6110533
[08/26/16 11.25 AM ]Node Lock: 76RZQVUXB1J75QE
[08/26/16 11.25 AM ]
[08/26/16 11.25 AM ]----------------------------------------
[08/26/16 11.25 AM ]Unreg #0 MNAA-NDDABS-AJABCE-FARN
[08/26/16 11.25 AM ]Unreg #1 MNFA-ACA7P7-FABBCE-FARN
[08/26/16 11.25 AM ]
[08/26/16 11.25 AM ]
[08/26/16 11.25 AM ]License: RAD Studio XE6 Architect
[08/26/16 11.25 AM ]Registration Key=6110533
[08/26/16 11.25 AM ]Serial Number=CNFA-AADNBS-ABABCD-FCNN
[08/26/16 11.25 AM ]
[08/26/16 11.25 AM ]
[08/26/16 11.25 AM ]License: RAD Studio XE6
[08/26/16 11.25 AM ]Registration Key=0
[08/26/16 11.25 AM ]----------------------------------------
[08/26/16 11.25 AM ]Operating System: Windows
[08/26/16 11.25 AM ]Current User: DELL
[08/26/16 11.25 AM ]System Registration Key: 6110533
[08/26/16 11.25 AM ]Node Lock: 76RZQVUXB1J75QE
[08/26/16 11.25 AM ]
[08/26/16 11.25 AM ]----------------------------------------
[08/26/16 11.25 AM ]Unreg #0 MNAA-NDDABS-AJABCE-FARN
[08/26/16 11.25 AM ]Unreg #1 MNFA-ACA7P7-FABBCE-FARN
[08/26/16 11.25 AM ]
[08/26/16 11.25 AM ]
[08/26/16 11.25 AM ]License: RAD Studio XE6 Architect
[08/26/16 11.25 AM ]Registration Key=6110533
[08/26/16 11.25 AM ]Serial Number=CNFA-AADNBS-ABABCD-FCNN
[08/26/16 11.25 AM ]
[08/26/16 11.25 AM ]
[08/26/16 11.25 AM ]License: RAD Studio XE6
[08/26/16 11.25 AM ]Registration Key=0
[08/26/16 11.28 AM ]----------------------------------------
[08/26/16 11.28 AM ]Operating System: Windows
[08/26/16 11.28 AM ]Current User: DELL
[08/26/16 11.28 AM ]System Registration Key: 6110533
[08/26/16 11.28 AM ]Node Lock: 76RZQVUXB1J75QE
[08/26/16 11.28 AM ]
[08/26/16 11.28 AM ]----------------------------------------
[08/26/16 11.28 AM ]Unreg #0 MNAA-NDDABS-AJABCE-FARN
[08/26/16 11.28 AM ]Unreg #1 MNFA-ACA7P7-FABBCE-FARN
[08/26/16 11.28 AM ]
[08/26/16 11.28 AM ]
[08/26/16 11.28 AM ]License: RAD Studio XE6 Architect
[08/26/16 11.28 AM ]Registration Key=6110533
[08/26/16 11.28 AM ]Serial Number=CNFA-AADNBS-ABABCD-FCNN
[08/26/16 11.28 AM ]
[08/26/16 11.28 AM ]
[08/26/16 11.28 AM ]License: RAD Studio XE6
[08/26/16 11.28 AM ]Registration Key=0
[09/15/16 10.27 AM ]----------------------------------------
[09/15/16 10.27 AM ]Operating System: Windows
[09/15/16 10.27 AM ]Current User: DELL
[09/15/16 10.27 AM ]System Registration Key: 6110533
[09/15/16 10.27 AM ]Node Lock: 76RZQVUXB1J75QE
[09/15/16 10.27 AM ]
[09/15/16 10.27 AM ]----------------------------------------
[09/15/16 10.27 AM ]Unreg #0 MNAA-NDDABS-AJABCE-FARN
[09/15/16 10.27 AM ]Unreg #1 MNFA-ACA7P7-FABBCE-FARN
[09/15/16 10.27 AM ]
[09/15/16 10.27 AM ]
[09/15/16 10.27 AM ]License: RAD Studio XE6 Architect
[09/15/16 10.27 AM ]Registration Key=6110533
[09/15/16 10.27 AM ]Serial Number=HNFA-ADANBS-AAABCE-FCNN
[09/15/16 10.27 AM ]
[09/15/16 10.27 AM ]
[09/15/16 10.27 AM ]License: RAD Studio XE6
[09/15/16 10.27 AM ]Registration Key=0
[09/15/16 10.27 AM ]----------------------------------------
[09/15/16 10.27 AM ]Operating System: Windows
[09/15/16 10.27 AM ]Current User: DELL
[09/15/16 10.27 AM ]System Registration Key: 6110533
[09/15/16 10.27 AM ]Node Lock: 76RZQVUXB1J75QE
[09/15/16 10.27 AM ]
[09/15/16 10.27 AM ]----------------------------------------
[09/15/16 10.27 AM ]Unreg #0 MNAA-NDDABS-AJABCE-FARN
[09/15/16 10.27 AM ]Unreg #1 MNFA-ACA7P7-FABBCE-FARN
[09/15/16 10.27 AM ]
[09/15/16 10.27 AM ]
[09/15/16 10.27 AM ]License: RAD Studio XE6 Architect
[09/15/16 10.27 AM ]Registration Key=6110533
[09/15/16 10.27 AM ]Serial Number=HNFA-ADANBS-AAABCE-FCNN
[09/15/16 10.27 AM ]
[09/15/16 10.27 AM ]
[09/15/16 10.27 AM ]License: RAD Studio XE6
[09/15/16 10.27 AM ]Registration Key=0
[09/15/16 10.28 AM ]----------------------------------------
[09/15/16 10.28 AM ]Operating System: Windows
[09/15/16 10.28 AM ]Current User: DELL
[09/15/16 10.28 AM ]System Registration Key: 6110533
[09/15/16 10.28 AM ]Node Lock: 76RZQVUXB1J75QE
[09/15/16 10.28 AM ]
[09/15/16 10.28 AM ]----------------------------------------
[09/15/16 10.28 AM ]Unreg #0 MNAA-NDDABS-AJABCE-FARN
[09/15/16 10.28 AM ]Unreg #1 MNFA-ACA7P7-FABBCE-FARN
[09/15/16 10.28 AM ]
[09/15/16 10.28 AM ]
[09/15/16 10.28 AM ]License: RAD Studio XE6 Architect
[09/15/16 10.28 AM ]Registration Key=6110533
[09/15/16 10.28 AM ]Serial Number=HNFA-ADANBS-AAABCE-FCNN
[09/15/16 10.28 AM ]
[09/15/16 10.28 AM ]
[09/15/16 10.28 AM ]License: RAD Studio XE6
[09/15/16 10.28 AM ]Registration Key=0
[09/15/16 10.28 AM ]----------------------------------------
[09/15/16 10.28 AM ]Operating System: Windows
[09/15/16 10.28 AM ]Current User: DELL
[09/15/16 10.28 AM ]System Registration Key: 6110533
[09/15/16 10.28 AM ]Node Lock: 76RZQVUXB1J75QE
[09/15/16 10.28 AM ]
[09/15/16 10.28 AM ]----------------------------------------
[09/15/16 10.28 AM ]Unreg #0 MNAA-NDDABS-AJABCE-FARN
[09/15/16 10.28 AM ]Unreg #1 MNFA-ACA7P7-FABBCE-FARN
[09/15/16 10.28 AM ]
[09/15/16 10.28 AM ]
[09/15/16 10.28 AM ]License: RAD Studio XE6 Architect
[09/15/16 10.28 AM ]Registration Key=6110533
[09/15/16 10.28 AM ]Serial Number=HNFA-ADANBS-AAABCE-FCNN
[09/15/16 10.28 AM ]
[09/15/16 10.28 AM ]
[09/15/16 10.28 AM ]License: RAD Studio XE6
[09/15/16 10.28 AM ]Registration Key=0
[09/15/16 10.28 AM ]----------------------------------------
[09/15/16 10.28 AM ]Operating System: Windows
[09/15/16 10.28 AM ]Current User: DELL
[09/15/16 10.28 AM ]System Registration Key: 6110533
[09/15/16 10.28 AM ]Node Lock: 76RZQVUXB1J75QE
[09/15/16 10.28 AM ]
[09/15/16 10.28 AM ]----------------------------------------
[09/15/16 10.28 AM ]Unreg #0 MNAA-NDDABS-AJABCE-FARN
[09/15/16 10.28 AM ]Unreg #1 MNFA-ACA7P7-FABBCE-FARN
[09/15/16 10.28 AM ]
[09/15/16 10.28 AM ]
[09/15/16 10.28 AM ]License: RAD Studio XE6 Architect
[09/15/16 10.28 AM ]Registration Key=6110533
[09/15/16 10.28 AM ]Serial Number=HNFA-ADANBS-AAABCE-FCNN
[09/15/16 10.28 AM ]
[09/15/16 10.28 AM ]
[09/15/16 10.28 AM ]License: RAD Studio XE6
[09/15/16 10.28 AM ]Registration Key=0
[10/12/16 06.38 PM ]----------------------------------------
[10/12/16 06.38 PM ]Operating System: Windows
[10/12/16 06.38 PM ]Current User: DELL
[10/12/16 06.38 PM ]System Registration Key: 6110533
[10/12/16 06.38 PM ]Node Lock: 76RZQVUXB1J75QE
[10/12/16 06.38 PM ]
[10/12/16 06.38 PM ]----------------------------------------
[10/12/16 06.38 PM ]Unreg #0 MNAA-NDDABS-AJABCE-FARN
[10/12/16 06.38 PM ]Unreg #1 MNFA-ACA7P7-FABBCE-FARN
[10/12/16 06.38 PM ]
[10/12/16 06.38 PM ]
[10/12/16 06.38 PM ]License: RAD Studio XE6 Architect
[10/12/16 06.38 PM ]Registration Key=6110533
[10/12/16 06.38 PM ]Serial Number=CNAA-ACDNPN-ALBBCE-FCRN
[10/12/16 06.38 PM ]
[10/12/16 06.38 PM ]
[10/12/16 06.38 PM ]License: RAD Studio XE6
[10/12/16 06.38 PM ]Registration Key=0
[10/12/16 06.46 PM ]----------------------------------------
[10/12/16 06.46 PM ]Operating System: Windows
[10/12/16 06.46 PM ]Current User: DELL
[10/12/16 06.46 PM ]System Registration Key: 6110533
[10/12/16 06.46 PM ]Node Lock: 76RZQVUXB1J75QE
[10/12/16 06.46 PM ]
[10/12/16 06.46 PM ]----------------------------------------
[10/12/16 06.46 PM ]Unreg #0 MNAA-NDDABS-AJABCE-FARN
[10/12/16 06.46 PM ]Unreg #1 MNFA-ACA7P7-FABBCE-FARN
[10/12/16 06.46 PM ]
[10/12/16 06.46 PM ]
[10/12/16 06.46 PM ]License: RAD Studio XE6 Architect
[10/12/16 06.46 PM ]Registration Key=6110533
[10/12/16 06.46 PM ]Serial Number=CNAA-ACDNPN-ALBBCE-FCRN
[10/12/16 06.46 PM ]
[10/12/16 06.46 PM ]
[10/12/16 06.46 PM ]License: RAD Studio XE6
[10/12/16 06.46 PM ]Registration Key=0
[10/12/16 08.55 PM ]----------------------------------------
[10/12/16 08.55 PM ]Operating System: Windows
[10/12/16 08.55 PM ]Current User: DELL
[10/12/16 08.55 PM ]System Registration Key: 6110533
[10/12/16 08.55 PM ]Node Lock: 76RZQVUXB1J75QE
[10/12/16 08.55 PM ]
[10/12/16 08.55 PM ]----------------------------------------
[10/12/16 08.55 PM ]Unreg #0 MNAA-NDDABS-AJABCE-FARN
[10/12/16 08.55 PM ]Unreg #1 MNFA-ACA7P7-FABBCE-FARN
[10/12/16 08.55 PM ]
[10/12/16 08.55 PM ]
[10/12/16 08.55 PM ]License: RAD Studio XE6 Architect
[10/12/16 08.55 PM ]Registration Key=6110533
[10/12/16 08.55 PM ]Serial Number=CNAA-ACDNPN-ALBBCE-FCRN
[10/12/16 08.55 PM ]
[10/12/16 08.55 PM ]
[10/12/16 08.55 PM ]License: RAD Studio XE6
[10/12/16 08.55 PM ]Registration Key=0
[10/12/16 11.51 PM ]----------------------------------------
[10/12/16 11.51 PM ]Operating System: Windows
[10/12/16 11.51 PM ]Current User: DELL
[10/12/16 11.51 PM ]System Registration Key: 6110533
[10/12/16 11.51 PM ]Node Lock: 76RZQVUXB1J75QE
[10/12/16 11.51 PM ]
[10/12/16 11.51 PM ]----------------------------------------
[10/12/16 11.51 PM ]Unreg #0 MNAA-NDDABS-AJABCE-FARN
[10/12/16 11.51 PM ]Unreg #1 MNFA-ACA7P7-FABBCE-FARN
[10/12/16 11.51 PM ]
[10/12/16 11.51 PM ]
[10/12/16 11.51 PM ]License: RAD Studio XE6 Architect
[10/12/16 11.51 PM ]Registration Key=6110533
[10/12/16 11.51 PM ]Serial Number=CNAA-ACDNPN-ALBBCE-FCRN
[10/12/16 11.51 PM ]
[10/12/16 11.51 PM ]
[10/12/16 11.51 PM ]License: RAD Studio XE6
[10/12/16 11.51 PM ]Registration Key=0
[10/13/16 12.07 AM ]----------------------------------------
[10/13/16 12.07 AM ]Operating System: Windows
[10/13/16 12.07 AM ]Current User: DELL
[10/13/16 12.07 AM ]System Registration Key: 6110533
[10/13/16 12.07 AM ]Node Lock: 76RZQVUXB1J75QE
[10/13/16 12.07 AM ]
[10/13/16 12.07 AM ]----------------------------------------
[10/13/16 12.07 AM ]Unreg #0 MNAA-NDDABS-AJABCE-FARN
[10/13/16 12.07 AM ]Unreg #1 MNFA-ACA7P7-FABBCE-FARN
[10/13/16 12.07 AM ]
[10/13/16 12.07 AM ]
[10/13/16 12.07 AM ]License: RAD Studio XE6 Architect
[10/13/16 12.07 AM ]Registration Key=6110533
[10/13/16 12.07 AM ]Serial Number=CNAA-ACDNPN-ALBBCE-FCRN
[10/13/16 12.07 AM ]
[10/13/16 12.07 AM ]
[10/13/16 12.07 AM ]License: RAD Studio XE6
[10/13/16 12.07 AM ]Registration Key=0
[10/13/16 01.07 AM ]----------------------------------------
[10/13/16 01.07 AM ]Operating System: Windows
[10/13/16 01.07 AM ]Current User: DELL
[10/13/16 01.07 AM ]System Registration Key: 6110533
[10/13/16 01.07 AM ]Node Lock: 76RZQVUXB1J75QE
[10/13/16 01.07 AM ]
[10/13/16 01.07 AM ]----------------------------------------
[10/13/16 01.07 AM ]Unreg #0 MNAA-NDDABS-AJABCE-FARN
[10/13/16 01.07 AM ]Unreg #1 MNFA-ACA7P7-FABBCE-FARN
[10/13/16 01.07 AM ]
[10/13/16 01.07 AM ]
[10/13/16 01.07 AM ]License: RAD Studio XE6 Architect
[10/13/16 01.07 AM ]Registration Key=6110533
[10/13/16 01.07 AM ]Serial Number=CNAA-ACDNPN-ALBBCE-FCRN
[10/13/16 01.07 AM ]
[10/13/16 01.07 AM ]
[10/13/16 01.07 AM ]License: RAD Studio XE6
[10/13/16 01.07 AM ]Registration Key=0
[10/13/16 11.40 AM ]----------------------------------------
[10/13/16 11.40 AM ]Operating System: Windows
[10/13/16 11.40 AM ]Current User: DELL
[10/13/16 11.40 AM ]System Registration Key: 6110533
[10/13/16 11.40 AM ]Node Lock: 76RZQVUXB1J75QE
[10/13/16 11.40 AM ]
[10/13/16 11.40 AM ]----------------------------------------
[10/13/16 11.40 AM ]Unreg #0 MNAA-NDDABS-AJABCE-FARN
[10/13/16 11.40 AM ]Unreg #1 MNFA-ACA7P7-FABBCE-FARN
[10/13/16 11.40 AM ]
[10/13/16 11.40 AM ]
[10/13/16 11.40 AM ]License: RAD Studio XE6 Architect
[10/13/16 11.40 AM ]Registration Key=6110533
[10/13/16 11.40 AM ]Serial Number=CNAA-ACDNPN-ALBBCE-FCRN
[10/13/16 11.40 AM ]
[10/13/16 11.40 AM ]
[10/13/16 11.40 AM ]License: RAD Studio XE6
[10/13/16 11.40 AM ]Registration Key=0
[11/13/16 06.57 PM ]----------------------------------------
[11/13/16 06.57 PM ]Operating System: Windows
[11/13/16 06.57 PM ]Current User: DELL
[11/13/16 06.57 PM ]System Registration Key: 6110533
[11/13/16 06.57 PM ]Node Lock: 76RZQVUXB1J75QE
[11/13/16 06.57 PM ]
[11/13/16 06.57 PM ]----------------------------------------
[11/13/16 06.57 PM ]Unreg #0 MNAA-NDDABS-AJABCE-FARN
[11/13/16 06.57 PM ]Unreg #1 MNFA-ACA7P7-FABBCE-FARN
[11/13/16 06.57 PM ]
[11/13/16 06.57 PM ]
[11/13/16 06.57 PM ]License: RAD Studio XE6 Architect
[11/13/16 06.57 PM ]Registration Key=6110533
[11/13/16 06.57 PM ]Serial Number=CNAA-ACDNPN-ALBBCE-FCRN
[11/13/16 06.57 PM ]
[11/13/16 06.57 PM ]
[11/13/16 06.57 PM ]License: RAD Studio XE6
[11/13/16 06.57 PM ]Registration Key=0
[11/13/16 07.58 PM ]----------------------------------------
[11/13/16 07.58 PM ]Operating System: Windows
[11/13/16 07.58 PM ]Current User: DELL
[11/13/16 07.58 PM ]System Registration Key: 6110533
[11/13/16 07.58 PM ]Node Lock: 76RZQVUXB1J75QE
[11/13/16 07.58 PM ]
[11/13/16 07.58 PM ]----------------------------------------
[11/13/16 07.58 PM ]Unreg #0 MNAA-NDDABS-AJABCE-FARN
[11/13/16 07.58 PM ]Unreg #1 MNFA-ACA7P7-FABBCE-FARN
[11/13/16 07.58 PM ]
[11/13/16 07.58 PM ]
[11/13/16 07.58 PM ]License: RAD Studio XE6 Architect
[11/13/16 07.58 PM ]Registration Key=6110533
[11/13/16 07.58 PM ]Serial Number=CNAA-ACDNPN-ALBBCE-FCRN
[11/13/16 07.58 PM ]
[11/13/16 07.58 PM ]
[11/13/16 07.58 PM ]License: RAD Studio XE6
[11/13/16 07.58 PM ]Registration Key=0
[12/08/16 11.35 AM ]----------------------------------------
[12/08/16 11.35 AM ]Operating System: Windows
[12/08/16 11.35 AM ]Current User: DELL
[12/08/16 11.35 AM ]System Registration Key: 6110533
[12/08/16 11.35 AM ]Node Lock: 76RZQVUXB1J75QE
[12/08/16 11.35 AM ]
[12/08/16 11.35 AM ]----------------------------------------
[12/08/16 11.35 AM ]Unreg #0 MNAA-NDDABS-AJABCE-FARN
[12/08/16 11.35 AM ]Unreg #1 MNFA-ACA7P7-FABBCE-FARN
[12/08/16 11.35 AM ]
[12/08/16 11.35 AM ]
[12/08/16 11.35 AM ]License: RAD Studio XE6 Architect
[12/08/16 11.35 AM ]Registration Key=6110533
[12/08/16 11.35 AM ]Serial Number=CNAA-ACDNPN-ALBBCE-FCRN
[12/08/16 11.35 AM ]
[12/08/16 11.35 AM ]
[12/08/16 11.35 AM ]License: RAD Studio XE6
[12/08/16 11.35 AM ]Registration Key=0
[12/08/16 12.12 PM ]----------------------------------------
[12/08/16 12.12 PM ]Operating System: Windows
[12/08/16 12.12 PM ]Current User: DELL
[12/08/16 12.12 PM ]System Registration Key: 6110533
[12/08/16 12.12 PM ]Node Lock: 76RZQVUXB1J75QE
[12/08/16 12.12 PM ]
[12/08/16 12.12 PM ]----------------------------------------
[12/08/16 12.12 PM ]Unreg #0 MNAA-NDDABS-AJABCE-FARN
[12/08/16 12.12 PM ]Unreg #1 MNFA-ACA7P7-FABBCE-FARN
[12/08/16 12.12 PM ]
[12/08/16 12.12 PM ]
[12/08/16 12.12 PM ]License: RAD Studio XE6 Architect
[12/08/16 12.12 PM ]Registration Key=6110533
[12/08/16 12.12 PM ]Serial Number=CNAA-ACDNPN-ALBBCE-FCRN
[12/08/16 12.12 PM ]
[12/08/16 12.12 PM ]
[12/08/16 12.12 PM ]License: RAD Studio XE6
[12/08/16 12.12 PM ]Registration Key=0
[12/08/16 12.43 PM ]----------------------------------------
[12/08/16 12.43 PM ]Operating System: Windows
[12/08/16 12.43 PM ]Current User: DELL
[12/08/16 12.43 PM ]System Registration Key: 6110533
[12/08/16 12.43 PM ]Node Lock: 76RZQVUXB1J75QE
[12/08/16 12.43 PM ]
[12/08/16 12.43 PM ]----------------------------------------
[12/08/16 12.43 PM ]Unreg #0 MNAA-NDDABS-AJABCE-FARN
[12/08/16 12.43 PM ]Unreg #1 MNFA-ACA7P7-FABBCE-FARN
[12/08/16 12.43 PM ]
[12/08/16 12.43 PM ]
[12/08/16 12.43 PM ]License: RAD Studio XE6 Architect
[12/08/16 12.43 PM ]Registration Key=6110533
[12/08/16 12.43 PM ]Serial Number=CNAA-ACDNPN-ALBBCE-FCRN
[12/08/16 12.43 PM ]
[12/08/16 12.43 PM ]
[12/08/16 12.43 PM ]License: RAD Studio XE6
[12/08/16 12.43 PM ]Registration Key=0
[12/14/16 01.31 PM ]----------------------------------------
[12/14/16 01.31 PM ]Operating System: Windows
[12/14/16 01.31 PM ]Current User: DELL
[12/14/16 01.31 PM ]System Registration Key: 6110533
[12/14/16 01.31 PM ]Node Lock: 76RZQVUXB1J75QE
[12/14/16 01.31 PM ]
[12/14/16 01.31 PM ]----------------------------------------
[12/14/16 01.31 PM ]Unreg #0 MNAA-NDDABS-AJABCE-FARN
[12/14/16 01.31 PM ]Unreg #1 MNFA-ACA7P7-FABBCE-FARN
[12/14/16 01.31 PM ]
[12/14/16 01.31 PM ]
[12/14/16 01.31 PM ]License: RAD Studio XE6 Architect
[12/14/16 01.31 PM ]Registration Key=6110533
[12/14/16 01.31 PM ]Serial Number=CNAA-ACDNPN-ALBBCE-FCRN
[12/14/16 01.31 PM ]
[12/14/16 01.31 PM ]
[12/14/16 01.31 PM ]License: RAD Studio XE6
[12/14/16 01.31 PM ]Registration Key=0
[12/22/16 01.57 PM ]----------------------------------------
[12/22/16 01.57 PM ]Operating System: Windows
[12/22/16 01.57 PM ]Current User: DELL
[12/22/16 01.57 PM ]System Registration Key: 6110533
[12/22/16 01.57 PM ]Node Lock: 76RZQVUXB1J75QE
[12/22/16 01.57 PM ]
[12/22/16 01.57 PM ]----------------------------------------
[12/22/16 01.57 PM ]Unreg #0 MNAA-NDDABS-AJABCE-FARN
[12/22/16 01.57 PM ]Unreg #1 MNFA-ACA7P7-FABBCE-FARN
[12/22/16 01.57 PM ]
[12/22/16 01.57 PM ]
[12/22/16 01.57 PM ]License: RAD Studio XE6 Architect
[12/22/16 01.57 PM ]Registration Key=6110533
[12/22/16 01.57 PM ]Serial Number=CNAA-ACDNPN-ALBBCE-FCRN
[12/22/16 01.57 PM ]
[12/22/16 01.57 PM ]
[12/22/16 01.57 PM ]License: RAD Studio XE6
[12/22/16 01.57 PM ]Registration Key=0
[01/12/17 03.42 PM ]----------------------------------------
[01/12/17 03.42 PM ]Operating System: Windows
[01/12/17 03.42 PM ]Current User: DELL
[01/12/17 03.42 PM ]System Registration Key: 6110533
[01/12/17 03.42 PM ]Node Lock: 76RZQVUXB1J75QE
[01/12/17 03.42 PM ]
[01/12/17 03.42 PM ]----------------------------------------
[01/12/17 03.42 PM ]Unreg #0 MNAA-NDDABS-AJABCE-FARN
[01/12/17 03.42 PM ]Unreg #1 MNFA-ACA7P7-FABBCE-FARN
[01/12/17 03.42 PM ]
[01/12/17 03.42 PM ]
[01/12/17 03.42 PM ]License: RAD Studio XE6 Architect
[01/12/17 03.42 PM ]Registration Key=6110533
[01/12/17 03.42 PM ]Serial Number=CNAA-ACDNPN-ALBBCE-FCRN
[01/12/17 03.42 PM ]
[01/12/17 03.42 PM ]
[01/12/17 03.42 PM ]License: RAD Studio XE6
[01/12/17 03.42 PM ]Registration Key=0
[01/16/17 12.58 AM ]----------------------------------------
[01/16/17 12.58 AM ]Operating System: Windows
[01/16/17 12.58 AM ]Current User: DELL
[01/16/17 12.58 AM ]System Registration Key: 6110533
[01/16/17 12.58 AM ]Node Lock: 76RZQVUXB1J75QE
[01/16/17 12.58 AM ]
[01/16/17 12.58 AM ]----------------------------------------
[01/16/17 12.58 AM ]Unreg #0 MNAA-NDDABS-AJABCE-FARN
[01/16/17 12.58 AM ]Unreg #1 MNFA-ACA7P7-FABBCE-FARN
[01/16/17 12.58 AM ]
[01/16/17 12.58 AM ]
[01/16/17 12.58 AM ]License: RAD Studio XE6 Architect
[01/16/17 12.58 AM ]Registration Key=6110533
[01/16/17 12.58 AM ]Serial Number=CNAA-ACDNPN-ALBBCE-FCRN
[01/16/17 12.58 AM ]
[01/16/17 12.58 AM ]
[01/16/17 12.58 AM ]License: RAD Studio XE6
[01/16/17 12.58 AM ]Registration Key=0
[01/29/17 12.48 PM ]----------------------------------------
[01/29/17 12.48 PM ]Operating System: Windows
[01/29/17 12.48 PM ]Current User: DELL
[01/29/17 12.48 PM ]System Registration Key: 6110533
[01/29/17 12.48 PM ]Node Lock: 76RZQVUXB1J75QE
[01/29/17 12.48 PM ]
[01/29/17 12.48 PM ]----------------------------------------
[01/29/17 12.48 PM ]Unreg #0 MNAA-NDDABS-AJABCE-FARN
[01/29/17 12.48 PM ]Unreg #1 MNFA-ACA7P7-FABBCE-FARN
[01/29/17 12.48 PM ]
[01/29/17 12.48 PM ]
[01/29/17 12.48 PM ]License: RAD Studio XE6 Architect
[01/29/17 12.48 PM ]Registration Key=6110533
[01/29/17 12.48 PM ]Serial Number=CNAA-ACDNPN-ALBBCE-FCRN
[01/29/17 12.48 PM ]
[01/29/17 12.48 PM ]
[01/29/17 12.48 PM ]License: RAD Studio XE6
[01/29/17 12.48 PM ]Registration Key=0
[01/29/17 04.12 PM ]----------------------------------------
[01/29/17 04.12 PM ]Operating System: Windows
[01/29/17 04.12 PM ]Current User: DELL
[01/29/17 04.12 PM ]System Registration Key: 6110533
[01/29/17 04.12 PM ]Node Lock: 76RZQVUXB1J75QE
[01/29/17 04.12 PM ]
[01/29/17 04.12 PM ]----------------------------------------
[01/29/17 04.12 PM ]Unreg #0 MNAA-NDDABS-AJABCE-FARN
[01/29/17 04.12 PM ]Unreg #1 MNFA-ACA7P7-FABBCE-FARN
[01/29/17 04.12 PM ]
[01/29/17 04.12 PM ]
[01/29/17 04.12 PM ]License: RAD Studio XE6 Architect
[01/29/17 04.12 PM ]Registration Key=6110533
[01/29/17 04.12 PM ]Serial Number=CNAA-ACDNPN-ALBBCE-FCRN
[01/29/17 04.12 PM ]
[01/29/17 04.12 PM ]
[01/29/17 04.12 PM ]License: RAD Studio XE6
[01/29/17 04.12 PM ]Registration Key=0
[01/29/17 05.04 PM ]----------------------------------------
[01/29/17 05.04 PM ]Operating System: Windows
[01/29/17 05.04 PM ]Current User: DELL
[01/29/17 05.04 PM ]System Registration Key: 6110533
[01/29/17 05.04 PM ]Node Lock: 76RZQVUXB1J75QE
[01/29/17 05.04 PM ]
[01/29/17 05.04 PM ]----------------------------------------
[01/29/17 05.04 PM ]Unreg #0 MNAA-NDDABS-AJABCE-FARN
[01/29/17 05.04 PM ]Unreg #1 MNFA-ACA7P7-FABBCE-FARN
[01/29/17 05.04 PM ]
[01/29/17 05.04 PM ]
[01/29/17 05.04 PM ]License: RAD Studio XE6 Architect
[01/29/17 05.04 PM ]Registration Key=6110533
[01/29/17 05.04 PM ]Serial Number=CNAA-ACDNPN-ALBBCE-FCRN
[01/29/17 05.04 PM ]----------------------------------------
[01/29/17 05.04 PM ]Operating System: Windows
[01/29/17 05.04 PM ]Current User: DELL
[01/29/17 05.04 PM ]System Registration Key: 6110533
[01/29/17 05.04 PM ]Node Lock: 76RZQVUXB1J75QE
[01/29/17 05.04 PM ]
[01/29/17 05.04 PM ]----------------------------------------
[01/29/17 05.04 PM ]Unreg #0 MNAA-NDDABS-AJABCE-FARN
[01/29/17 05.04 PM ]Unreg #1 MNFA-ACA7P7-FABBCE-FARN
[01/29/17 05.04 PM ]
[01/29/17 05.04 PM ]
[01/29/17 05.04 PM ]License: RAD Studio XE6 Architect
[01/29/17 05.04 PM ]Registration Key=6110533
[01/29/17 05.04 PM ]Serial Number=CNAA-ACDNPN-ALBBCE-FCRN
[01/29/17 05.04 PM ]----------------------------------------
[01/29/17 05.04 PM ]Operating System: Windows
[01/29/17 05.04 PM ]Current User: DELL
[01/29/17 05.04 PM ]System Registration Key: 6110533
[01/29/17 05.04 PM ]Node Lock: 76RZQVUXB1J75QE
[01/29/17 05.04 PM ]
[01/29/17 05.04 PM ]----------------------------------------
[01/29/17 05.04 PM ]Unreg #0 MNAA-NDDABS-AJABCE-FARN
[01/29/17 05.04 PM ]Unreg #1 MNFA-ACA7P7-FABBCE-FARN
[01/29/17 05.04 PM ]
[01/29/17 05.04 PM ]
[01/29/17 05.04 PM ]License: RAD Studio XE6 Architect
[01/29/17 05.04 PM ]Registration Key=6110533
[01/29/17 05.04 PM ]Serial Number=CNAA-ACDNPN-ALBBCE-FCRN
[01/29/17 05.05 PM ]----------------------------------------
[01/29/17 05.05 PM ]Operating System: Windows
[01/29/17 05.05 PM ]Current User: DELL
[01/29/17 05.05 PM ]System Registration Key: 6110533
[01/29/17 05.05 PM ]Node Lock: 76RZQVUXB1J75QE
[01/29/17 05.05 PM ]
[01/29/17 05.05 PM ]----------------------------------------
[01/29/17 05.05 PM ]Unreg #0 MNAA-NDDABS-AJABCE-FARN
[01/29/17 05.05 PM ]Unreg #1 MNFA-ACA7P7-FABBCE-FARN
[01/29/17 05.05 PM ]
[01/29/17 05.05 PM ]
[01/29/17 05.05 PM ]License: RAD Studio XE6 Architect
[01/29/17 05.05 PM ]Registration Key=6110533
[01/29/17 05.05 PM ]Serial Number=CNAA-ACDNPN-ALBBCE-FCRN
[01/29/17 05.07 PM ]----------------------------------------
[01/29/17 05.07 PM ]Operating System: Windows
[01/29/17 05.07 PM ]Current User: DELL
[01/29/17 05.07 PM ]System Registration Key: 6110533
[01/29/17 05.07 PM ]Node Lock: 76RZQVUXB1J75QE
[01/29/17 05.07 PM ]
[01/29/17 05.07 PM ]----------------------------------------
[01/29/17 05.07 PM ]Unreg #0 MNAA-NDDABS-AJABCE-FARN
[01/29/17 05.07 PM ]Unreg #1 MNFA-ACA7P7-FABBCE-FARN
[01/29/17 05.07 PM ]
[01/29/17 05.07 PM ]
[01/29/17 05.07 PM ]License: RAD Studio XE6 Architect
[01/29/17 05.07 PM ]Registration Key=6110533
[01/29/17 05.07 PM ]Serial Number=CNAA-ACDNPN-ALBBCE-FCRN
[01/29/17 05.07 PM ]----------------------------------------
[01/29/17 05.07 PM ]Operating System: Windows
[01/29/17 05.07 PM ]Current User: DELL
[01/29/17 05.07 PM ]System Registration Key: 6110533
[01/29/17 05.07 PM ]Node Lock: 76RZQVUXB1J75QE
[01/29/17 05.07 PM ]
[01/29/17 05.07 PM ]----------------------------------------
[01/29/17 05.07 PM ]Unreg #0 MNAA-NDDABS-AJABCE-FARN
[01/29/17 05.07 PM ]Unreg #1 MNFA-ACA7P7-FABBCE-FARN
[01/29/17 05.07 PM ]
[01/29/17 05.07 PM ]
[01/29/17 05.07 PM ]License: RAD Studio XE6 Architect
[01/29/17 05.07 PM ]Registration Key=6110533
[01/29/17 05.07 PM ]Serial Number=CNAA-ACDNPN-ALBBCE-FCRN
[01/29/17 05.09 PM ]----------------------------------------
[01/29/17 05.09 PM ]Operating System: Windows
[01/29/17 05.09 PM ]Current User: DELL
[01/29/17 05.09 PM ]System Registration Key: 6110533
[01/29/17 05.09 PM ]Node Lock: 76RZQVUXB1J75QE
[01/29/17 05.09 PM ]
[01/29/17 05.09 PM ]----------------------------------------
[01/29/17 05.09 PM ]Unreg #0 MNAA-NDDABS-AJABCE-FARN
[01/29/17 05.09 PM ]Unreg #1 MNFA-ACA7P7-FABBCE-FARN
[01/29/17 05.09 PM ]
[01/29/17 05.09 PM ]
[01/29/17 05.09 PM ]License: RAD Studio XE6 Architect
[01/29/17 05.09 PM ]Registration Key=6110533
[01/29/17 05.09 PM ]Serial Number=CNAA-ACDNPN-ALBBCE-FCRN
[01/29/17 05.09 PM ]----------------------------------------
[01/29/17 05.09 PM ]Operating System: Windows
[01/29/17 05.09 PM ]Current User: DELL
[01/29/17 05.09 PM ]System Registration Key: 6110533
[01/29/17 05.09 PM ]Node Lock: 76RZQVUXB1J75QE
[01/29/17 05.09 PM ]
[01/29/17 05.09 PM ]----------------------------------------
[01/29/17 05.09 PM ]Unreg #0 MNAA-NDDABS-AJABCE-FARN
[01/29/17 05.09 PM ]Unreg #1 MNFA-ACA7P7-FABBCE-FARN
[01/29/17 05.09 PM ]
[01/29/17 05.09 PM ]
[01/29/17 05.09 PM ]License: RAD Studio XE6 Architect
[01/29/17 05.09 PM ]Registration Key=6110533
[01/29/17 05.09 PM ]Serial Number=CNAA-ACDNPN-ALBBCE-FCRN
[01/29/17 05.09 PM ]----------------------------------------
[01/29/17 05.09 PM ]Operating System: Windows
[01/29/17 05.09 PM ]Current User: DELL
[01/29/17 05.09 PM ]System Registration Key: 6110533
[01/29/17 05.09 PM ]Node Lock: 76RZQVUXB1J75QE
[01/29/17 05.09 PM ]
[01/29/17 05.09 PM ]----------------------------------------
[01/29/17 05.09 PM ]Unreg #0 MNAA-NDDABS-AJABCE-FARN
[01/29/17 05.09 PM ]Unreg #1 MNFA-ACA7P7-FABBCE-FARN
[01/29/17 05.09 PM ]
[01/29/17 05.09 PM ]
[01/29/17 05.09 PM ]License: RAD Studio XE6 Architect
[01/29/17 05.09 PM ]Registration Key=6110533
[01/29/17 05.09 PM ]Serial Number=CNAA-ACDNPN-ALBBCE-FCRN
[01/29/17 05.14 PM ]----------------------------------------
[01/29/17 05.14 PM ]Operating System: Windows
[01/29/17 05.14 PM ]Current User: DELL
[01/29/17 05.14 PM ]System Registration Key: 6110533
[01/29/17 05.14 PM ]Node Lock: 76RZQVUXB1J75QE
[01/29/17 05.14 PM ]
[01/29/17 05.14 PM ]----------------------------------------
[01/29/17 05.14 PM ]Unreg #0 MNAA-NDDABS-AJABCE-FARN
[01/29/17 05.14 PM ]Unreg #1 MNFA-ACA7P7-FABBCE-FARN
[01/29/17 05.14 PM ]
[01/29/17 05.14 PM ]
[01/29/17 05.14 PM ]License: RAD Studio XE6 Architect
[01/29/17 05.14 PM ]Registration Key=6110533
[01/29/17 05.14 PM ]Serial Number=CNAA-ACDNPN-ALBBCE-FCRN
[01/29/17 05.14 PM ]----------------------------------------
[01/29/17 05.14 PM ]Operating System: Windows
[01/29/17 05.14 PM ]Current User: DELL
[01/29/17 05.14 PM ]System Registration Key: 6110533
[01/29/17 05.14 PM ]Node Lock: 76RZQVUXB1J75QE
[01/29/17 05.14 PM ]
[01/29/17 05.14 PM ]----------------------------------------
[01/29/17 05.14 PM ]Unreg #0 MNAA-NDDABS-AJABCE-FARN
[01/29/17 05.14 PM ]Unreg #1 MNFA-ACA7P7-FABBCE-FARN
[01/29/17 05.14 PM ]
[01/29/17 05.14 PM ]
[01/29/17 05.14 PM ]License: RAD Studio XE6 Architect
[01/29/17 05.14 PM ]Registration Key=6110533
[01/29/17 05.14 PM ]Serial Number=CNAA-ACDNPN-ALBBCE-FCRN
[01/29/17 05.14 PM ]----------------------------------------
[01/29/17 05.14 PM ]Operating System: Windows
[01/29/17 05.14 PM ]Current User: DELL
[01/29/17 05.14 PM ]System Registration Key: 6110533
[01/29/17 05.14 PM ]Node Lock: 76RZQVUXB1J75QE
[01/29/17 05.14 PM ]
[01/29/17 05.14 PM ]----------------------------------------
[01/29/17 05.14 PM ]Unreg #0 MNAA-NDDABS-AJABCE-FARN
[01/29/17 05.14 PM ]Unreg #1 MNFA-ACA7P7-FABBCE-FARN
[01/29/17 05.14 PM ]
[01/29/17 05.14 PM ]
[01/29/17 05.14 PM ]License: RAD Studio XE6 Architect
[01/29/17 05.14 PM ]Registration Key=6110533
[01/29/17 05.14 PM ]Serial Number=CNAA-ACDNPN-ALBBCE-FCRN
[01/29/17 05.54 PM ]----------------------------------------
[01/29/17 05.54 PM ]Operating System: Windows
[01/29/17 05.54 PM ]Current User: DELL
[01/29/17 05.54 PM ]System Registration Key: 6110533
[01/29/17 05.54 PM ]Node Lock: 76RZQVUXB1J75QE
[01/29/17 05.54 PM ]
[01/29/17 05.54 PM ]----------------------------------------
[01/29/17 05.54 PM ]Unreg #0 MNAA-NDDABS-AJABCE-FARN
[01/29/17 05.54 PM ]Unreg #1 MNFA-ACA7P7-FABBCE-FARN
[01/29/17 05.54 PM ]
[01/29/17 05.54 PM ]
[01/29/17 05.54 PM ]License: RAD Studio XE6 Architect
[01/29/17 05.54 PM ]Registration Key=6110533
[01/29/17 05.54 PM ]Serial Number=CNAA-ACDNPN-ALBBCE-FCRN
[01/29/17 05.54 PM ]
[01/29/17 05.54 PM ]
[01/29/17 05.54 PM ]License: RAD Studio XE9
[01/29/17 05.54 PM ]Registration Key=0
[01/29/17 05.55 PM ]----------------------------------------
[01/29/17 05.55 PM ]Operating System: Windows
[01/29/17 05.55 PM ]Current User: DELL
[01/29/17 05.55 PM ]System Registration Key: 6110533
[01/29/17 05.55 PM ]Node Lock: 76RZQVUXB1J75QE
[01/29/17 05.55 PM ]
[01/29/17 05.55 PM ]----------------------------------------
[01/29/17 05.55 PM ]Unreg #0 MNAA-NDDABS-AJABCE-FARN
[01/29/17 05.55 PM ]Unreg #1 MNFA-ACA7P7-FABBCE-FARN
[01/29/17 05.55 PM ]
[01/29/17 05.55 PM ]
[01/29/17 05.55 PM ]License: RAD Studio XE6 Architect
[01/29/17 05.55 PM ]Registration Key=6110533
[01/29/17 05.55 PM ]Serial Number=CNAA-ACDNPN-ALBBCE-FCRN
[01/29/17 05.55 PM ]
[01/29/17 05.55 PM ]
[01/29/17 05.55 PM ]License: RAD Studio XE9
[01/29/17 05.55 PM ]Registration Key=0
[01/29/17 05.57 PM ]----------------------------------------
[01/29/17 05.57 PM ]Operating System: Windows
[01/29/17 05.57 PM ]Current User: DELL
[01/29/17 05.57 PM ]System Registration Key: 6110533
[01/29/17 05.57 PM ]Node Lock: 76RZQVUXB1J75QE
[01/29/17 05.57 PM ]
[01/29/17 05.57 PM ]----------------------------------------
[01/29/17 05.57 PM ]Unreg #0 MNAA-NDDABS-AJABCE-FARN
[01/29/17 05.57 PM ]Unreg #1 MNFA-ACA7P7-FABBCE-FARN
[01/29/17 05.57 PM ]
[01/29/17 05.57 PM ]
[01/29/17 05.57 PM ]License: RAD Studio XE6 Architect
[01/29/17 05.57 PM ]Registration Key=6110533
[01/29/17 05.57 PM ]Serial Number=CNAA-ACDNPN-ALBBCE-FCRN
[01/29/17 05.57 PM ]
[01/29/17 05.57 PM ]
[01/29/17 05.57 PM ]License: RAD Studio XE9
[01/29/17 05.57 PM ]Registration Key=0
[01/29/17 05.57 PM ]----------------------------------------
[01/29/17 05.57 PM ]Operating System: Windows
[01/29/17 05.57 PM ]Current User: DELL
[01/29/17 05.57 PM ]System Registration Key: 6110533
[01/29/17 05.57 PM ]Node Lock: 76RZQVUXB1J75QE
[01/29/17 05.57 PM ]
[01/29/17 05.57 PM ]----------------------------------------
[01/29/17 05.57 PM ]Unreg #0 MNAA-NDDABS-AJABCE-FARN
[01/29/17 05.57 PM ]Unreg #1 MNFA-ACA7P7-FABBCE-FARN
[01/29/17 05.57 PM ]
[01/29/17 05.57 PM ]
[01/29/17 05.57 PM ]License: RAD Studio XE6 Architect
[01/29/17 05.57 PM ]Registration Key=6110533
[01/29/17 05.57 PM ]Serial Number=CNAA-ACDNPN-ALBBCE-FCRN
[01/29/17 05.57 PM ]
[01/29/17 05.57 PM ]
[01/29/17 05.57 PM ]License: RAD Studio XE9
[01/29/17 05.57 PM ]Registration Key=0
[01/29/17 06.03 PM ]----------------------------------------
[01/29/17 06.03 PM ]Operating System: Windows
[01/29/17 06.03 PM ]Current User: DELL
[01/29/17 06.03 PM ]System Registration Key: 6110533
[01/29/17 06.03 PM ]Node Lock: 76RZQVUXB1J75QE
[01/29/17 06.03 PM ]
[01/29/17 06.03 PM ]----------------------------------------
[01/29/17 06.03 PM ]Unreg #0 MNAA-NDDABS-AJABCE-FARN
[01/29/17 06.03 PM ]Unreg #1 MNFA-ACA7P7-FABBCE-FARN
[01/29/17 06.03 PM ]
[01/29/17 06.03 PM ]
[01/29/17 06.03 PM ]License: RAD Studio XE6 Architect
[01/29/17 06.03 PM ]Registration Key=6110533
[01/29/17 06.03 PM ]Serial Number=CNAA-ACDNPN-ALBBCE-FCRN
[01/29/17 06.03 PM ]
[01/29/17 06.03 PM ]
[01/29/17 06.03 PM ]License: RAD Studio XE9
[01/29/17 06.03 PM ]Registration Key=0
[01/29/17 06.04 PM ]----------------------------------------
[01/29/17 06.04 PM ]Operating System: Windows
[01/29/17 06.04 PM ]Current User: DELL
[01/29/17 06.04 PM ]System Registration Key: 6110533
[01/29/17 06.04 PM ]Node Lock: 76RZQVUXB1J75QE
[01/29/17 06.04 PM ]
[01/29/17 06.04 PM ]----------------------------------------
[01/29/17 06.04 PM ]Unreg #0 MNAA-NDDABS-AJABCE-FARN
[01/29/17 06.04 PM ]Unreg #1 MNFA-ACA7P7-FABBCE-FARN
[01/29/17 06.04 PM ]
[01/29/17 06.04 PM ]
[01/29/17 06.04 PM ]License: RAD Studio XE6 Architect
[01/29/17 06.04 PM ]Registration Key=6110533
[01/29/17 06.04 PM ]Serial Number=CNAA-ACDNPN-ALBBCE-FCRN
[01/29/17 06.04 PM ]
[01/29/17 06.04 PM ]
[01/29/17 06.04 PM ]License: RAD Studio 10 Seattle Architect
[01/29/17 06.04 PM ]Registration Key=6110533
[01/29/17 06.04 PM ]Serial Number=CNFA-A3AKAK-F3BBCL-FCNN
[01/29/17 06.04 PM ]
[01/29/17 06.04 PM ]
[01/29/17 06.04 PM ]License: RAD Studio XE9
[01/29/17 06.04 PM ]Registration Key=0
[01/29/17 06.04 PM ]----------------------------------------
[01/29/17 06.04 PM ]Operating System: Windows
[01/29/17 06.04 PM ]Current User: DELL
[01/29/17 06.04 PM ]System Registration Key: 6110533
[01/29/17 06.04 PM ]Node Lock: 76RZQVUXB1J75QE
[01/29/17 06.04 PM ]
[01/29/17 06.04 PM ]----------------------------------------
[01/29/17 06.04 PM ]Unreg #0 MNAA-NDDABS-AJABCE-FARN
[01/29/17 06.04 PM ]Unreg #1 MNFA-ACA7P7-FABBCE-FARN
[01/29/17 06.04 PM ]
[01/29/17 06.04 PM ]
[01/29/17 06.04 PM ]License: RAD Studio XE6 Architect
[01/29/17 06.04 PM ]Registration Key=6110533
[01/29/17 06.04 PM ]Serial Number=CNAA-ACDNPN-ALBBCE-FCRN
[01/29/17 06.04 PM ]
[01/29/17 06.04 PM ]
[01/29/17 06.04 PM ]License: RAD Studio 10 Seattle Architect
[01/29/17 06.04 PM ]Registration Key=6110533
[01/29/17 06.04 PM ]Serial Number=CNFA-A3AKAK-F3BBCL-FCNN
[01/29/17 06.04 PM ]
[01/29/17 06.04 PM ]
[01/29/17 06.04 PM ]License: RAD Studio XE9
[01/29/17 06.04 PM ]Registration Key=0
[01/29/17 06.05 PM ]----------------------------------------
[01/29/17 06.05 PM ]Operating System: Windows
[01/29/17 06.05 PM ]Current User: DELL
[01/29/17 06.05 PM ]System Registration Key: 6110533
[01/29/17 06.05 PM ]Node Lock: 76RZQVUXB1J75QE
[01/29/17 06.05 PM ]
[01/29/17 06.05 PM ]----------------------------------------
[01/29/17 06.05 PM ]Unreg #0 MNAA-NDDABS-AJABCE-FARN
[01/29/17 06.05 PM ]Unreg #1 MNFA-ACA7P7-FABBCE-FARN
[01/29/17 06.05 PM ]
[01/29/17 06.05 PM ]
[01/29/17 06.05 PM ]License: RAD Studio XE6 Architect
[01/29/17 06.05 PM ]Registration Key=6110533
[01/29/17 06.05 PM ]Serial Number=CNAA-ACDNPN-ALBBCE-FCRN
[01/29/17 06.05 PM ]
[01/29/17 06.05 PM ]
[01/29/17 06.05 PM ]License: RAD Studio 10 Seattle Architect
[01/29/17 06.05 PM ]Registration Key=6110533
[01/29/17 06.05 PM ]Serial Number=CNFA-A3AKAK-F3BBCL-FCNN
[01/29/17 06.05 PM ]
[01/29/17 06.05 PM ]
[01/29/17 06.05 PM ]License: RAD Studio XE9
[01/29/17 06.05 PM ]Registration Key=0
[01/29/17 06.05 PM ]----------------------------------------
[01/29/17 06.05 PM ]Operating System: Windows
[01/29/17 06.05 PM ]Current User: DELL
[01/29/17 06.05 PM ]System Registration Key: 6110533
[01/29/17 06.05 PM ]Node Lock: 76RZQVUXB1J75QE
[01/29/17 06.05 PM ]
[01/29/17 06.05 PM ]----------------------------------------
[01/29/17 06.05 PM ]Unreg #0 MNAA-NDDABS-AJABCE-FARN
[01/29/17 06.05 PM ]Unreg #1 MNFA-ACA7P7-FABBCE-FARN
[01/29/17 06.05 PM ]
[01/29/17 06.05 PM ]
[01/29/17 06.05 PM ]License: RAD Studio XE6 Architect
[01/29/17 06.05 PM ]Registration Key=6110533
[01/29/17 06.05 PM ]Serial Number=CNAA-ACDNPN-ALBBCE-FCRN
[01/29/17 06.05 PM ]
[01/29/17 06.05 PM ]
[01/29/17 06.05 PM ]License: RAD Studio 10 Seattle Architect
[01/29/17 06.05 PM ]Registration Key=6110533
[01/29/17 06.05 PM ]Serial Number=CNFA-A3AKAK-F3BBCL-FCNN
[01/29/17 06.05 PM ]
[01/29/17 06.05 PM ]
[01/29/17 06.05 PM ]License: RAD Studio XE9
[01/29/17 06.05 PM ]Registration Key=0
[01/29/17 06.06 PM ]----------------------------------------
[01/29/17 06.06 PM ]Operating System: Windows
[01/29/17 06.06 PM ]Current User: DELL
[01/29/17 06.06 PM ]System Registration Key: 6110533
[01/29/17 06.06 PM ]Node Lock: 76RZQVUXB1J75QE
[01/29/17 06.06 PM ]
[01/29/17 06.06 PM ]----------------------------------------
[01/29/17 06.06 PM ]Unreg #0 MNAA-NDDABS-AJABCE-FARN
[01/29/17 06.06 PM ]Unreg #1 MNFA-ACA7P7-FABBCE-FARN
[01/29/17 06.06 PM ]
[01/29/17 06.06 PM ]
[01/29/17 06.06 PM ]License: RAD Studio XE6 Architect
[01/29/17 06.06 PM ]Registration Key=6110533
[01/29/17 06.06 PM ]Serial Number=CNAA-ACDNPN-ALBBCE-FCRN
[01/29/17 06.06 PM ]
[01/29/17 06.06 PM ]
[01/29/17 06.06 PM ]License: RAD Studio 10 Seattle Architect
[01/29/17 06.06 PM ]Registration Key=6110533
[01/29/17 06.06 PM ]Serial Number=CNFA-A3AKAK-F3BBCL-FCNN
[01/29/17 06.06 PM ]
[01/29/17 06.06 PM ]
[01/29/17 06.06 PM ]License: RAD Studio XE9
[01/29/17 06.06 PM ]Registration Key=0
[01/29/17 06.06 PM ]----------------------------------------
[01/29/17 06.06 PM ]Operating System: Windows
[01/29/17 06.06 PM ]Current User: DELL
[01/29/17 06.06 PM ]System Registration Key: 6110533
[01/29/17 06.06 PM ]Node Lock: 76RZQVUXB1J75QE
[01/29/17 06.06 PM ]
[01/29/17 06.06 PM ]----------------------------------------
[01/29/17 06.06 PM ]Unreg #0 MNAA-NDDABS-AJABCE-FARN
[01/29/17 06.06 PM ]Unreg #1 MNFA-ACA7P7-FABBCE-FARN
[01/29/17 06.06 PM ]
[01/29/17 06.06 PM ]
[01/29/17 06.06 PM ]License: RAD Studio XE6 Architect
[01/29/17 06.06 PM ]Registration Key=6110533
[01/29/17 06.06 PM ]Serial Number=CNAA-ACDNPN-ALBBCE-FCRN
[01/29/17 06.06 PM ]
[01/29/17 06.06 PM ]
[01/29/17 06.06 PM ]License: RAD Studio 10 Seattle Architect
[01/29/17 06.06 PM ]Registration Key=6110533
[01/29/17 06.06 PM ]Serial Number=CNFA-A3AKAK-F3BBCL-FCNN
[01/29/17 06.06 PM ]
[01/29/17 06.06 PM ]
[01/29/17 06.06 PM ]License: RAD Studio XE9
[01/29/17 06.06 PM ]Registration Key=0
[01/29/17 06.06 PM ]----------------------------------------
[01/29/17 06.06 PM ]Operating System: Windows
[01/29/17 06.06 PM ]Current User: DELL
[01/29/17 06.06 PM ]System Registration Key: 6110533
[01/29/17 06.06 PM ]Node Lock: 76RZQVUXB1J75QE
[01/29/17 06.06 PM ]
[01/29/17 06.06 PM ]----------------------------------------
[01/29/17 06.06 PM ]Unreg #0 MNAA-NDDABS-AJABCE-FARN
[01/29/17 06.06 PM ]Unreg #1 MNFA-ACA7P7-FABBCE-FARN
[01/29/17 06.06 PM ]
[01/29/17 06.06 PM ]
[01/29/17 06.06 PM ]License: RAD Studio XE6 Architect
[01/29/17 06.06 PM ]Registration Key=6110533
[01/29/17 06.06 PM ]Serial Number=CNAA-ACDNPN-ALBBCE-FCRN
[01/29/17 06.06 PM ]
[01/29/17 06.06 PM ]
[01/29/17 06.06 PM ]License: RAD Studio 10 Seattle Architect
[01/29/17 06.06 PM ]Registration Key=6110533
[01/29/17 06.06 PM ]Serial Number=CNFA-A3AKAK-F3BBCL-FCNN
[01/29/17 06.06 PM ]
[01/29/17 06.06 PM ]
[01/29/17 06.06 PM ]License: RAD Studio XE9
[01/29/17 06.06 PM ]Registration Key=0
[01/29/17 06.06 PM ]----------------------------------------
[01/29/17 06.06 PM ]Operating System: Windows
[01/29/17 06.06 PM ]Current User: DELL
[01/29/17 06.06 PM ]System Registration Key: 6110533
[01/29/17 06.06 PM ]Node Lock: 76RZQVUXB1J75QE
[01/29/17 06.06 PM ]
[01/29/17 06.06 PM ]----------------------------------------
[01/29/17 06.06 PM ]Unreg #0 MNAA-NDDABS-AJABCE-FARN
[01/29/17 06.06 PM ]Unreg #1 MNFA-ACA7P7-FABBCE-FARN
[01/29/17 06.06 PM ]
[01/29/17 06.06 PM ]
[01/29/17 06.06 PM ]License: RAD Studio XE6 Architect
[01/29/17 06.06 PM ]Registration Key=6110533
[01/29/17 06.06 PM ]Serial Number=CNAA-ACDNPN-ALBBCE-FCRN
[01/29/17 06.06 PM ]
[01/29/17 06.06 PM ]
[01/29/17 06.06 PM ]License: RAD Studio 10 Seattle Architect
[01/29/17 06.06 PM ]Registration Key=6110533
[01/29/17 06.06 PM ]Serial Number=CNFA-A3AKAK-F3BBCL-FCNN
[01/29/17 06.06 PM ]
[01/29/17 06.06 PM ]
[01/29/17 06.06 PM ]License: RAD Studio XE9
[01/29/17 06.06 PM ]Registration Key=0
[01/29/17 06.06 PM ]----------------------------------------
[01/29/17 06.06 PM ]Operating System: Windows
[01/29/17 06.06 PM ]Current User: DELL
[01/29/17 06.06 PM ]System Registration Key: 6110533
[01/29/17 06.06 PM ]Node Lock: 76RZQVUXB1J75QE
[01/29/17 06.06 PM ]
[01/29/17 06.06 PM ]----------------------------------------
[01/29/17 06.06 PM ]Unreg #0 MNAA-NDDABS-AJABCE-FARN
[01/29/17 06.06 PM ]Unreg #1 MNFA-ACA7P7-FABBCE-FARN
[01/29/17 06.06 PM ]
[01/29/17 06.06 PM ]
[01/29/17 06.06 PM ]License: RAD Studio XE6 Architect
[01/29/17 06.06 PM ]Registration Key=6110533
[01/29/17 06.06 PM ]Serial Number=CNAA-ACDNPN-ALBBCE-FCRN
[01/29/17 06.06 PM ]
[01/29/17 06.06 PM ]
[01/29/17 06.06 PM ]License: RAD Studio 10 Seattle Architect
[01/29/17 06.06 PM ]Registration Key=6110533
[01/29/17 06.06 PM ]Serial Number=CNFA-A3AKAK-F3BBCL-FCNN
[01/29/17 06.06 PM ]
[01/29/17 06.06 PM ]
[01/29/17 06.06 PM ]License: RAD Studio XE9
[01/29/17 06.06 PM ]Registration Key=0
[01/29/17 06.06 PM ]----------------------------------------
[01/29/17 06.06 PM ]Operating System: Windows
[01/29/17 06.06 PM ]Current User: DELL
[01/29/17 06.06 PM ]System Registration Key: 6110533
[01/29/17 06.06 PM ]Node Lock: 76RZQVUXB1J75QE
[01/29/17 06.06 PM ]
[01/29/17 06.06 PM ]----------------------------------------
[01/29/17 06.06 PM ]Unreg #0 MNAA-NDDABS-AJABCE-FARN
[01/29/17 06.06 PM ]Unreg #1 MNFA-ACA7P7-FABBCE-FARN
[01/29/17 06.06 PM ]
[01/29/17 06.06 PM ]
[01/29/17 06.06 PM ]License: RAD Studio XE9
[01/29/17 06.06 PM ]Registration Key=0
[01/29/17 06.06 PM ]----------------------------------------
[01/29/17 06.06 PM ]Operating System: Windows
[01/29/17 06.06 PM ]Current User: DELL
[01/29/17 06.06 PM ]System Registration Key: 6110533
[01/29/17 06.06 PM ]Node Lock: 76RZQVUXB1J75QE
[01/29/17 06.06 PM ]
[01/29/17 06.06 PM ]----------------------------------------
[01/29/17 06.06 PM ]Unreg #0 MNAA-NDDABS-AJABCE-FARN
[01/29/17 06.06 PM ]Unreg #1 MNFA-ACA7P7-FABBCE-FARN
[01/29/17 06.06 PM ]
[01/29/17 06.06 PM ]
[01/29/17 06.06 PM ]License: RAD Studio XE9
[01/29/17 06.06 PM ]Registration Key=0
[01/29/17 06.06 PM ]----------------------------------------
[01/29/17 06.06 PM ]Operating System: Windows
[01/29/17 06.06 PM ]Current User: DELL
[01/29/17 06.06 PM ]System Registration Key: 6110533
[01/29/17 06.06 PM ]Node Lock: 76RZQVUXB1J75QE
[01/29/17 06.06 PM ]
[01/29/17 06.06 PM ]----------------------------------------
[01/29/17 06.06 PM ]Unreg #0 MNAA-NDDABS-AJABCE-FARN
[01/29/17 06.06 PM ]Unreg #1 MNFA-ACA7P7-FABBCE-FARN
[01/29/17 06.06 PM ]
[01/29/17 06.06 PM ]
[01/29/17 06.06 PM ]License: RAD Studio XE9
[01/29/17 06.06 PM ]Registration Key=0
[01/29/17 06.06 PM ]----------------------------------------
[01/29/17 06.06 PM ]Operating System: Windows
[01/29/17 06.06 PM ]Current User: DELL
[01/29/17 06.06 PM ]System Registration Key: 6110533
[01/29/17 06.06 PM ]Node Lock: 76RZQVUXB1J75QE
[01/29/17 06.06 PM ]
[01/29/17 06.06 PM ]----------------------------------------
[01/29/17 06.06 PM ]Unreg #0 MNAA-NDDABS-AJABCE-FARN
[01/29/17 06.06 PM ]Unreg #1 MNFA-ACA7P7-FABBCE-FARN
[01/29/17 06.06 PM ]
[01/29/17 06.06 PM ]
[01/29/17 06.06 PM ]License: RAD Studio XE9
[01/29/17 06.06 PM ]Registration Key=0
[01/29/17 06.07 PM ]----------------------------------------
[01/29/17 06.07 PM ]Operating System: Windows
[01/29/17 06.07 PM ]Current User: DELL
[01/29/17 06.07 PM ]System Registration Key: 6110533
[01/29/17 06.07 PM ]Node Lock: 76RZQVUXB1J75QE
[01/29/17 06.07 PM ]
[01/29/17 06.07 PM ]----------------------------------------
[01/29/17 06.07 PM ]Unreg #0 MNAA-NDDABS-AJABCE-FARN
[01/29/17 06.07 PM ]Unreg #1 MNFA-ACA7P7-FABBCE-FARN
[01/29/17 06.07 PM ]
[01/29/17 06.07 PM ]
[01/29/17 06.07 PM ]License: RAD Studio 10 Seattle Architect
[01/29/17 06.07 PM ]Registration Key=6110533
[01/29/17 06.07 PM ]Serial Number=HNFA-NCADNK-F3BBCK-FCRN
[01/29/17 06.07 PM ]
[01/29/17 06.07 PM ]
[01/29/17 06.07 PM ]License: RAD Studio XE9
[01/29/17 06.07 PM ]Registration Key=0
[01/29/17 06.07 PM ]----------------------------------------
[01/29/17 06.07 PM ]Operating System: Windows
[01/29/17 06.07 PM ]Current User: DELL
[01/29/17 06.07 PM ]System Registration Key: 6110533
[01/29/17 06.07 PM ]Node Lock: 76RZQVUXB1J75QE
[01/29/17 06.07 PM ]
[01/29/17 06.07 PM ]----------------------------------------
[01/29/17 06.07 PM ]Unreg #0 MNAA-NDDABS-AJABCE-FARN
[01/29/17 06.07 PM ]Unreg #1 MNFA-ACA7P7-FABBCE-FARN
[01/29/17 06.07 PM ]
[01/29/17 06.07 PM ]
[01/29/17 06.07 PM ]License: RAD Studio 10 Seattle Architect
[01/29/17 06.07 PM ]Registration Key=6110533
[01/29/17 06.07 PM ]Serial Number=HNFA-NCADNK-F3BBCK-FCRN
[01/29/17 06.07 PM ]
[01/29/17 06.07 PM ]
[01/29/17 06.07 PM ]License: RAD Studio XE9
[01/29/17 06.07 PM ]Registration Key=0
[01/29/17 06.08 PM ]----------------------------------------
[01/29/17 06.08 PM ]Operating System: Windows
[01/29/17 06.08 PM ]Current User: DELL
[01/29/17 06.08 PM ]System Registration Key: 6110533
[01/29/17 06.08 PM ]Node Lock: 76RZQVUXB1J75QE
[01/29/17 06.08 PM ]
[01/29/17 06.08 PM ]----------------------------------------
[01/29/17 06.08 PM ]Unreg #0 MNAA-NDDABS-AJABCE-FARN
[01/29/17 06.08 PM ]Unreg #1 MNFA-ACA7P7-FABBCE-FARN
[01/29/17 06.08 PM ]
[01/29/17 06.08 PM ]
[01/29/17 06.08 PM ]License: RAD Studio 10 Seattle Architect
[01/29/17 06.08 PM ]Registration Key=6110533
[01/29/17 06.08 PM ]Serial Number=HNFA-NCADNK-F3BBCK-FCRN
[01/29/17 06.08 PM ]
[01/29/17 06.08 PM ]
[01/29/17 06.08 PM ]License: RAD Studio XE9
[01/29/17 06.08 PM ]Registration Key=0
[01/29/17 06.22 PM ]----------------------------------------
[01/29/17 06.22 PM ]Operating System: Windows
[01/29/17 06.22 PM ]Current User: DELL
[01/29/17 06.22 PM ]System Registration Key: 6110533
[01/29/17 06.22 PM ]Node Lock: 76RZQVUXB1J75QE
[01/29/17 06.22 PM ]
[01/29/17 06.22 PM ]----------------------------------------
[01/29/17 06.22 PM ]Unreg #0 CNFA-A3AKAK-F3BBCL-FCNN
[01/29/17 06.22 PM ]Unreg #1 MNAA-NDDABS-AJABCE-FARN
[01/29/17 06.22 PM ]Unreg #2 MNFA-ACA7P7-FABBCE-FARN
[01/29/17 06.22 PM ]
[01/29/17 06.22 PM ]
[01/29/17 06.22 PM ]License: RAD Studio 10 Seattle Architect
[01/29/17 06.22 PM ]Registration Key=6110533
[01/29/17 06.22 PM ]Serial Number=MNFA-ACA8NF-ADBBCL-FCNN
[01/29/17 06.22 PM ]
[01/29/17 06.22 PM ]
[01/29/17 06.22 PM ]License: RAD Studio XE9
[01/29/17 06.22 PM ]Registration Key=0
[01/29/17 06.24 PM ]----------------------------------------
[01/29/17 06.24 PM ]Operating System: Windows
[01/29/17 06.24 PM ]Current User: DELL
[01/29/17 06.24 PM ]System Registration Key: 6110533
[01/29/17 06.24 PM ]Node Lock: 76RZQVUXB1J75QE
[01/29/17 06.24 PM ]
[01/29/17 06.24 PM ]----------------------------------------
[01/29/17 06.24 PM ]Unreg #0 CNFA-A3AKAK-F3BBCL-FCNN
[01/29/17 06.24 PM ]Unreg #1 MNAA-NDDABS-AJABCE-FARN
[01/29/17 06.24 PM ]Unreg #2 MNFA-ACA7P7-FABBCE-FARN
[01/29/17 06.24 PM ]
[01/29/17 06.24 PM ]
[01/29/17 06.24 PM ]License: RAD Studio XE9
[01/29/17 06.24 PM ]Registration Key=0
[01/29/17 06.25 PM ]----------------------------------------
[01/29/17 06.25 PM ]Operating System: Windows
[01/29/17 06.25 PM ]Current User: DELL
[01/29/17 06.25 PM ]System Registration Key: 6110533
[01/29/17 06.25 PM ]Node Lock: 76RZQVUXB1J75QE
[01/29/17 06.25 PM ]
[01/29/17 06.25 PM ]----------------------------------------
[01/29/17 06.25 PM ]Unreg #0 CNFA-A3AKAK-F3BBCL-FCNN
[01/29/17 06.25 PM ]Unreg #1 MNAA-NDDABS-AJABCE-FARN
[01/29/17 06.25 PM ]Unreg #2 MNFA-ACA7P7-FABBCE-FARN
[01/29/17 06.25 PM ]
[01/29/17 06.25 PM ]
[01/29/17 06.25 PM ]License: RAD Studio XE9
[01/29/17 06.25 PM ]Registration Key=0
[01/29/17 06.25 PM ]----------------------------------------
[01/29/17 06.25 PM ]Operating System: Windows
[01/29/17 06.25 PM ]Current User: DELL
[01/29/17 06.25 PM ]System Registration Key: 6110533
[01/29/17 06.25 PM ]Node Lock: 76RZQVUXB1J75QE
[01/29/17 06.25 PM ]
[01/29/17 06.25 PM ]----------------------------------------
[01/29/17 06.25 PM ]Unreg #0 CNFA-A3AKAK-F3BBCL-FCNN
[01/29/17 06.25 PM ]Unreg #1 MNAA-NDDABS-AJABCE-FARN
[01/29/17 06.25 PM ]Unreg #2 MNFA-ACA7P7-FABBCE-FARN
[01/29/17 06.25 PM ]
[01/29/17 06.25 PM ]
[01/29/17 06.25 PM ]License: RAD Studio XE9
[01/29/17 06.25 PM ]Registration Key=0
[01/29/17 06.25 PM ]----------------------------------------
[01/29/17 06.25 PM ]Operating System: Windows
[01/29/17 06.25 PM ]Current User: DELL
[01/29/17 06.25 PM ]System Registration Key: 6110533
[01/29/17 06.25 PM ]Node Lock: 76RZQVUXB1J75QE
[01/29/17 06.25 PM ]
[01/29/17 06.25 PM ]----------------------------------------
[01/29/17 06.25 PM ]Unreg #0 CNFA-A3AKAK-F3BBCL-FCNN
[01/29/17 06.25 PM ]Unreg #1 MNAA-NDDABS-AJABCE-FARN
[01/29/17 06.25 PM ]Unreg #2 MNFA-ACA7P7-FABBCE-FARN
[01/29/17 06.25 PM ]
[01/29/17 06.25 PM ]
[01/29/17 06.25 PM ]License: RAD Studio XE9
[01/29/17 06.25 PM ]Registration Key=0
[01/29/17 06.25 PM ]----------------------------------------
[01/29/17 06.25 PM ]Operating System: Windows
[01/29/17 06.25 PM ]Current User: DELL
[01/29/17 06.25 PM ]System Registration Key: 6110533
[01/29/17 06.25 PM ]Node Lock: 76RZQVUXB1J75QE
[01/29/17 06.25 PM ]
[01/29/17 06.25 PM ]----------------------------------------
[01/29/17 06.25 PM ]Unreg #0 CNFA-A3AKAK-F3BBCL-FCNN
[01/29/17 06.25 PM ]Unreg #1 MNAA-NDDABS-AJABCE-FARN
[01/29/17 06.25 PM ]Unreg #2 MNFA-ACA7P7-FABBCE-FARN
[01/29/17 06.25 PM ]
[01/29/17 06.25 PM ]
[01/29/17 06.25 PM ]License: RAD Studio XE9
[01/29/17 06.25 PM ]Registration Key=0
[01/29/17 06.25 PM ]----------------------------------------
[01/29/17 06.25 PM ]Operating System: Windows
[01/29/17 06.25 PM ]Current User: DELL
[01/29/17 06.25 PM ]System Registration Key: 6110533
[01/29/17 06.25 PM ]Node Lock: 76RZQVUXB1J75QE
[01/29/17 06.25 PM ]
[01/29/17 06.25 PM ]----------------------------------------
[01/29/17 06.25 PM ]Unreg #0 CNFA-A3AKAK-F3BBCL-FCNN
[01/29/17 06.25 PM ]Unreg #1 MNAA-NDDABS-AJABCE-FARN
[01/29/17 06.25 PM ]Unreg #2 MNFA-ACA7P7-FABBCE-FARN
[01/29/17 06.25 PM ]
[01/29/17 06.25 PM ]
[01/29/17 06.25 PM ]License: RAD Studio XE9
[01/29/17 06.25 PM ]Registration Key=0
[01/29/17 06.25 PM ]----------------------------------------
[01/29/17 06.25 PM ]Operating System: Windows
[01/29/17 06.25 PM ]Current User: DELL
[01/29/17 06.25 PM ]System Registration Key: 6110533
[01/29/17 06.25 PM ]Node Lock: 76RZQVUXB1J75QE
[01/29/17 06.25 PM ]
[01/29/17 06.25 PM ]----------------------------------------
[01/29/17 06.25 PM ]Unreg #0 CNFA-A3AKAK-F3BBCL-FCNN
[01/29/17 06.25 PM ]Unreg #1 MNAA-NDDABS-AJABCE-FARN
[01/29/17 06.25 PM ]Unreg #2 MNFA-ACA7P7-FABBCE-FARN
[01/29/17 06.25 PM ]
[01/29/17 06.25 PM ]
[01/29/17 06.25 PM ]License: RAD Studio XE9
[01/29/17 06.25 PM ]Registration Key=0
[01/29/17 06.25 PM ]----------------------------------------
[01/29/17 06.25 PM ]Operating System: Windows
[01/29/17 06.25 PM ]Current User: DELL
[01/29/17 06.25 PM ]System Registration Key: 6110533
[01/29/17 06.25 PM ]Node Lock: 76RZQVUXB1J75QE
[01/29/17 06.25 PM ]
[01/29/17 06.25 PM ]----------------------------------------
[01/29/17 06.25 PM ]Unreg #0 CNFA-A3AKAK-F3BBCL-FCNN
[01/29/17 06.25 PM ]Unreg #1 MNAA-NDDABS-AJABCE-FARN
[01/29/17 06.25 PM ]Unreg #2 MNFA-ACA7P7-FABBCE-FARN
[01/29/17 06.25 PM ]
[01/29/17 06.25 PM ]
[01/29/17 06.25 PM ]License: RAD Studio XE9
[01/29/17 06.25 PM ]Registration Key=0
[01/29/17 06.30 PM ]----------------------------------------
[01/29/17 06.30 PM ]Operating System: Windows
[01/29/17 06.30 PM ]Current User: DELL
[01/29/17 06.30 PM ]System Registration Key: 6110533
[01/29/17 06.30 PM ]Node Lock: 76RZQVUXB1J75QE
[01/29/17 06.30 PM ]
[01/29/17 06.30 PM ]----------------------------------------
[01/29/17 06.30 PM ]Unreg #0 CNFA-A3AKAK-F3BBCL-FCNN
[01/29/17 06.30 PM ]Unreg #1 MNAA-NDDABS-AJABCE-FARN
[01/29/17 06.30 PM ]Unreg #2 MNFA-ACA7P7-FABBCE-FARN
[01/29/17 06.30 PM ]
[01/29/17 06.30 PM ]
[01/29/17 06.30 PM ]License: RAD Studio 10 Seattle Architect
[01/29/17 06.30 PM ]Registration Key=6110533
[01/29/17 06.30 PM ]Serial Number=3NAA-AADKAD-AKABCK-FCRN
[01/29/17 06.30 PM ]
[01/29/17 06.30 PM ]
[01/29/17 06.30 PM ]License: RAD Studio XE9
[01/29/17 06.30 PM ]Registration Key=0
[01/29/17 06.31 PM ]----------------------------------------
[01/29/17 06.31 PM ]Operating System: Windows
[01/29/17 06.31 PM ]Current User: DELL
[01/29/17 06.31 PM ]System Registration Key: 6110533
[01/29/17 06.31 PM ]Node Lock: 76RZQVUXB1J75QE
[01/29/17 06.31 PM ]
[01/29/17 06.31 PM ]----------------------------------------
[01/29/17 06.31 PM ]Unreg #0 CNFA-A3AKAK-F3BBCL-FCNN
[01/29/17 06.31 PM ]Unreg #1 MNAA-NDDABS-AJABCE-FARN
[01/29/17 06.31 PM ]Unreg #2 MNFA-ACA7P7-FABBCE-FARN
[01/29/17 06.31 PM ]
[01/29/17 06.31 PM ]
[01/29/17 06.31 PM ]License: RAD Studio 10 Seattle Architect
[01/29/17 06.31 PM ]Registration Key=6110533
[01/29/17 06.31 PM ]Serial Number=CNAA-ADA8NF-AEBBCK-FCNN
[01/29/17 06.31 PM ]
[01/29/17 06.31 PM ]
[01/29/17 06.31 PM ]License: RAD Studio XE9
[01/29/17 06.31 PM ]Registration Key=0
[01/29/17 06.31 PM ]----------------------------------------
[01/29/17 06.31 PM ]Operating System: Windows
[01/29/17 06.31 PM ]Current User: DELL
[01/29/17 06.31 PM ]System Registration Key: 6110533
[01/29/17 06.31 PM ]Node Lock: 76RZQVUXB1J75QE
[01/29/17 06.31 PM ]
[01/29/17 06.31 PM ]----------------------------------------
[01/29/17 06.31 PM ]Unreg #0 CNFA-A3AKAK-F3BBCL-FCNN
[01/29/17 06.31 PM ]Unreg #1 MNAA-NDDABS-AJABCE-FARN
[01/29/17 06.31 PM ]Unreg #2 MNFA-ACA7P7-FABBCE-FARN
[01/29/17 06.31 PM ]
[01/29/17 06.31 PM ]
[01/29/17 06.31 PM ]License: RAD Studio XE9
[01/29/17 06.31 PM ]Registration Key=0
[01/29/17 06.31 PM ]----------------------------------------
[01/29/17 06.31 PM ]Operating System: Windows
[01/29/17 06.31 PM ]Current User: DELL
[01/29/17 06.31 PM ]System Registration Key: 6110533
[01/29/17 06.31 PM ]Node Lock: 76RZQVUXB1J75QE
[01/29/17 06.31 PM ]
[01/29/17 06.31 PM ]----------------------------------------
[01/29/17 06.31 PM ]Unreg #0 CNFA-A3AKAK-F3BBCL-FCNN
[01/29/17 06.31 PM ]Unreg #1 MNAA-NDDABS-AJABCE-FARN
[01/29/17 06.31 PM ]Unreg #2 MNFA-ACA7P7-FABBCE-FARN
[01/29/17 06.31 PM ]
[01/29/17 06.31 PM ]
[01/29/17 06.31 PM ]License: RAD Studio XE9
[01/29/17 06.31 PM ]Registration Key=0
[01/29/17 06.31 PM ]----------------------------------------
[01/29/17 06.31 PM ]Operating System: Windows
[01/29/17 06.31 PM ]Current User: DELL
[01/29/17 06.31 PM ]System Registration Key: 6110533
[01/29/17 06.31 PM ]Node Lock: 76RZQVUXB1J75QE
[01/29/17 06.31 PM ]
[01/29/17 06.31 PM ]----------------------------------------
[01/29/17 06.31 PM ]Unreg #0 CNFA-A3AKAK-F3BBCL-FCNN
[01/29/17 06.31 PM ]Unreg #1 MNAA-NDDABS-AJABCE-FARN
[01/29/17 06.31 PM ]Unreg #2 MNFA-ACA7P7-FABBCE-FARN
[01/29/17 06.31 PM ]
[01/29/17 06.31 PM ]
[01/29/17 06.31 PM ]License: RAD Studio XE9
[01/29/17 06.31 PM ]Registration Key=0
[01/29/17 06.34 PM ]----------------------------------------
[01/29/17 06.34 PM ]Operating System: Windows
[01/29/17 06.34 PM ]Current User: DELL
[01/29/17 06.34 PM ]System Registration Key: 6110533
[01/29/17 06.34 PM ]Node Lock: 76RZQVUXB1J75QE
[01/29/17 06.34 PM ]
[01/29/17 06.34 PM ]----------------------------------------
[01/29/17 06.34 PM ]Unreg #0 CNFA-A3AKAK-F3BBCL-FCNN
[01/29/17 06.34 PM ]Unreg #1 MNAA-NDDABS-AJABCE-FARN
[01/29/17 06.34 PM ]Unreg #2 MNFA-ACA7P7-FABBCE-FARN
[01/29/17 06.34 PM ]
[01/29/17 06.34 PM ]
[01/29/17 06.34 PM ]License: RAD Studio 10 Seattle Architect
[01/29/17 06.34 PM ]Registration Key=6110533
[01/29/17 06.34 PM ]Serial Number=CNFA-AAADNA-F4BBCK-FARN
[01/29/17 06.34 PM ]
[01/29/17 06.34 PM ]
[01/29/17 06.34 PM ]License: RAD Studio XE9
[01/29/17 06.34 PM ]Registration Key=0
[01/29/17 06.35 PM ]----------------------------------------
[01/29/17 06.35 PM ]Operating System: Windows
[01/29/17 06.35 PM ]Current User: DELL
[01/29/17 06.35 PM ]System Registration Key: 6110533
[01/29/17 06.35 PM ]Node Lock: 76RZQVUXB1J75QE
[01/29/17 06.35 PM ]
[01/29/17 06.35 PM ]----------------------------------------
[01/29/17 06.35 PM ]Unreg #0 CNFA-A3AKAK-F3BBCL-FCNN
[01/29/17 06.35 PM ]Unreg #1 MNAA-NDDABS-AJABCE-FARN
[01/29/17 06.35 PM ]Unreg #2 MNFA-ACA7P7-FABBCE-FARN
[01/29/17 06.35 PM ]
[01/29/17 06.35 PM ]
[01/29/17 06.35 PM ]License: RAD Studio 10 Seattle Architect
[01/29/17 06.35 PM ]Registration Key=6110533
[01/29/17 06.35 PM ]Serial Number=CNFA-AAADNA-F4BBCK-FARN
[01/29/17 06.35 PM ]
[01/29/17 06.35 PM ]
[01/29/17 06.35 PM ]License: RAD Studio XE9
[01/29/17 06.35 PM ]Registration Key=0
[01/29/17 06.35 PM ]----------------------------------------
[01/29/17 06.35 PM ]Operating System: Windows
[01/29/17 06.35 PM ]Current User: DELL
[01/29/17 06.35 PM ]System Registration Key: 6110533
[01/29/17 06.35 PM ]Node Lock: 76RZQVUXB1J75QE
[01/29/17 06.35 PM ]
[01/29/17 06.35 PM ]----------------------------------------
[01/29/17 06.35 PM ]Unreg #0 CNFA-A3AKAK-F3BBCL-FCNN
[01/29/17 06.35 PM ]Unreg #1 MNAA-NDDABS-AJABCE-FARN
[01/29/17 06.35 PM ]Unreg #2 MNFA-ACA7P7-FABBCE-FARN
[01/29/17 06.35 PM ]
[01/29/17 06.35 PM ]
[01/29/17 06.35 PM ]License: RAD Studio 10 Seattle Architect
[01/29/17 06.35 PM ]Registration Key=6110533
[01/29/17 06.35 PM ]Serial Number=CNFA-AAADNA-F4BBCK-FARN
[01/29/17 06.35 PM ]
[01/29/17 06.35 PM ]
[01/29/17 06.35 PM ]License: RAD Studio XE9
[01/29/17 06.35 PM ]Registration Key=0
[01/29/17 06.37 PM ]----------------------------------------
[01/29/17 06.37 PM ]Operating System: Windows
[01/29/17 06.37 PM ]Current User: DELL
[01/29/17 06.37 PM ]System Registration Key: 6110533
[01/29/17 06.37 PM ]Node Lock: 76RZQVUXB1J75QE
[01/29/17 06.37 PM ]
[01/29/17 06.37 PM ]----------------------------------------
[01/29/17 06.37 PM ]Unreg #0 CNFA-A3AKAK-F3BBCL-FCNN
[01/29/17 06.37 PM ]Unreg #1 MNAA-NDDABS-AJABCE-FARN
[01/29/17 06.37 PM ]Unreg #2 MNFA-ACA7P7-FABBCE-FARN
[01/29/17 06.37 PM ]
[01/29/17 06.37 PM ]
[01/29/17 06.37 PM ]License: RAD Studio XE9
[01/29/17 06.37 PM ]Registration Key=0
[01/29/17 06.42 PM ]----------------------------------------
[01/29/17 06.42 PM ]Operating System: Windows
[01/29/17 06.42 PM ]Current User: DELL
[01/29/17 06.42 PM ]System Registration Key: 6110533
[01/29/17 06.42 PM ]Node Lock: 76RZQVUXB1J75QE
[01/29/17 06.42 PM ]
[01/29/17 06.42 PM ]----------------------------------------
[01/29/17 06.42 PM ]Unreg #0 CNFA-A3AKAK-F3BBCL-FCNN
[01/29/17 06.42 PM ]Unreg #1 MNAA-NDDABS-AJABCE-FARN
[01/29/17 06.42 PM ]Unreg #2 MNFA-ACA7P7-FABBCE-FARN
[01/29/17 06.42 PM ]
[01/29/17 06.42 PM ]
[01/29/17 06.42 PM ]License: RAD Studio 10 Seattle Architect
[01/29/17 06.42 PM ]Registration Key=6110533
[01/29/17 06.42 PM ]Serial Number=CNAA-AADKNF-F5ABCK-FANN
[01/29/17 06.42 PM ]
[01/29/17 06.42 PM ]
[01/29/17 06.42 PM ]License: RAD Studio XE9
[01/29/17 06.42 PM ]Registration Key=0
[01/29/17 06.43 PM ]----------------------------------------
[01/29/17 06.43 PM ]Operating System: Windows
[01/29/17 06.43 PM ]Current User: DELL
[01/29/17 06.43 PM ]System Registration Key: 6110533
[01/29/17 06.43 PM ]Node Lock: 76RZQVUXB1J75QE
[01/29/17 06.43 PM ]
[01/29/17 06.43 PM ]----------------------------------------
[01/29/17 06.43 PM ]Unreg #0 CNFA-A3AKAK-F3BBCL-FCNN
[01/29/17 06.43 PM ]Unreg #1 MNAA-NDDABS-AJABCE-FARN
[01/29/17 06.43 PM ]Unreg #2 MNFA-ACA7P7-FABBCE-FARN
[01/29/17 06.43 PM ]
[01/29/17 06.43 PM ]
[01/29/17 06.43 PM ]License: RAD Studio 10 Seattle Architect
[01/29/17 06.43 PM ]Registration Key=6110533
[01/29/17 06.43 PM ]Serial Number=3NFA-AAADNA-AFABCL-FAQN
[01/29/17 06.43 PM ]
[01/29/17 06.43 PM ]
[01/29/17 06.43 PM ]License: RAD Studio XE9
[01/29/17 06.43 PM ]Registration Key=0
[01/29/17 06.43 PM ]----------------------------------------
[01/29/17 06.43 PM ]Operating System: Windows
[01/29/17 06.43 PM ]Current User: DELL
[01/29/17 06.43 PM ]System Registration Key: 6110533
[01/29/17 06.43 PM ]Node Lock: 76RZQVUXB1J75QE
[01/29/17 06.43 PM ]
[01/29/17 06.43 PM ]----------------------------------------
[01/29/17 06.43 PM ]Unreg #0 CNFA-A3AKAK-F3BBCL-FCNN
[01/29/17 06.43 PM ]Unreg #1 MNAA-NDDABS-AJABCE-FARN
[01/29/17 06.43 PM ]Unreg #2 MNFA-ACA7P7-FABBCE-FARN
[01/29/17 06.43 PM ]
[01/29/17 06.43 PM ]
[01/29/17 06.43 PM ]License: RAD Studio 10 Seattle Architect
[01/29/17 06.43 PM ]Registration Key=6110533
[01/29/17 06.43 PM ]Serial Number=3NFA-AAADNA-AFABCL-FAQN
[01/29/17 06.43 PM ]
[01/29/17 06.43 PM ]
[01/29/17 06.43 PM ]License: RAD Studio XE9
[01/29/17 06.43 PM ]Registration Key=0
[01/29/17 06.46 PM ]----------------------------------------
[01/29/17 06.46 PM ]Operating System: Windows
[01/29/17 06.46 PM ]Current User: DELL
[01/29/17 06.46 PM ]System Registration Key: 6110533
[01/29/17 06.46 PM ]Node Lock: 76RZQVUXB1J75QE
[01/29/17 06.46 PM ]
[01/29/17 06.46 PM ]----------------------------------------
[01/29/17 06.46 PM ]Unreg #0 CNFA-A3AKAK-F3BBCL-FCNN
[01/29/17 06.46 PM ]Unreg #1 MNAA-NDDABS-AJABCE-FARN
[01/29/17 06.46 PM ]Unreg #2 MNFA-ACA7P7-FABBCE-FARN
[01/29/17 06.46 PM ]
[01/29/17 06.46 PM ]
[01/29/17 06.46 PM ]License: RAD Studio XE9
[01/29/17 06.46 PM ]Registration Key=0
[01/29/17 06.46 PM ]----------------------------------------
[01/29/17 06.46 PM ]Operating System: Windows
[01/29/17 06.46 PM ]Current User: DELL
[01/29/17 06.46 PM ]System Registration Key: 6110533
[01/29/17 06.46 PM ]Node Lock: 76RZQVUXB1J75QE
[01/29/17 06.46 PM ]
[01/29/17 06.46 PM ]----------------------------------------
[01/29/17 06.46 PM ]Unreg #0 CNFA-A3AKAK-F3BBCL-FCNN
[01/29/17 06.46 PM ]Unreg #1 MNAA-NDDABS-AJABCE-FARN
[01/29/17 06.46 PM ]Unreg #2 MNFA-ACA7P7-FABBCE-FARN
[01/29/17 06.46 PM ]
[01/29/17 06.46 PM ]
[01/29/17 06.46 PM ]License: RAD Studio XE9
[01/29/17 06.46 PM ]Registration Key=0
[01/29/17 06.46 PM ]----------------------------------------
[01/29/17 06.46 PM ]Operating System: Windows
[01/29/17 06.46 PM ]Current User: DELL
[01/29/17 06.46 PM ]System Registration Key: 6110533
[01/29/17 06.46 PM ]Node Lock: 76RZQVUXB1J75QE
[01/29/17 06.46 PM ]
[01/29/17 06.46 PM ]----------------------------------------
[01/29/17 06.46 PM ]Unreg #0 CNFA-A3AKAK-F3BBCL-FCNN
[01/29/17 06.46 PM ]Unreg #1 MNAA-NDDABS-AJABCE-FARN
[01/29/17 06.46 PM ]Unreg #2 MNFA-ACA7P7-FABBCE-FARN
[01/29/17 06.46 PM ]
[01/29/17 06.46 PM ]
[01/29/17 06.46 PM ]License: RAD Studio XE9
[01/29/17 06.46 PM ]Registration Key=0
[01/29/17 06.50 PM ]----------------------------------------
[01/29/17 06.50 PM ]Operating System: Windows
[01/29/17 06.50 PM ]Current User: DELL
[01/29/17 06.50 PM ]System Registration Key: 6110533
[01/29/17 06.50 PM ]Node Lock: 76RZQVUXB1J75QE
[01/29/17 06.50 PM ]
[01/29/17 06.50 PM ]----------------------------------------
[01/29/17 06.50 PM ]Unreg #0 CNFA-A3AKAK-F3BBCL-FCNN
[01/29/17 06.50 PM ]Unreg #1 MNAA-NDDABS-AJABCE-FARN
[01/29/17 06.50 PM ]Unreg #2 MNFA-ACA7P7-FABBCE-FARN
[01/29/17 06.50 PM ]
[01/29/17 06.50 PM ]
[01/29/17 06.50 PM ]License: RAD Studio XE9
[01/29/17 06.50 PM ]Registration Key=0
[01/29/17 07.41 PM ]----------------------------------------
[01/29/17 07.41 PM ]Operating System: Windows
[01/29/17 07.41 PM ]Current User: DELL
[01/29/17 07.41 PM ]System Registration Key: 6110533
[01/29/17 07.41 PM ]Node Lock: 76RZQVUXB1J75QE
[01/29/17 07.41 PM ]
[01/29/17 07.41 PM ]----------------------------------------
[01/29/17 07.41 PM ]Unreg #0 CNFA-A3AKAK-F3BBCL-FCNN
[01/29/17 07.41 PM ]Unreg #1 MNAA-NDDABS-AJABCE-FARN
[01/29/17 07.41 PM ]Unreg #2 MNFA-ACA7P7-FABBCE-FARN
[01/29/17 07.41 PM ]
[01/29/17 07.41 PM ]
[01/29/17 07.41 PM ]License: RAD Studio 10 Seattle Architect
[01/29/17 07.41 PM ]Registration Key=6110533
[01/29/17 07.41 PM ]Serial Number=CNAA-AAA8NA-FJBBCK-FANN
[01/29/17 07.41 PM ]
[01/29/17 07.41 PM ]
[01/29/17 07.41 PM ]License: RAD Studio XE9
[01/29/17 07.41 PM ]Registration Key=0
[01/29/17 07.41 PM ]----------------------------------------
[01/29/17 07.41 PM ]Operating System: Windows
[01/29/17 07.41 PM ]Current User: DELL
[01/29/17 07.41 PM ]System Registration Key: 6110533
[01/29/17 07.41 PM ]Node Lock: 76RZQVUXB1J75QE
[01/29/17 07.41 PM ]
[01/29/17 07.41 PM ]----------------------------------------
[01/29/17 07.41 PM ]Unreg #0 CNFA-A3AKAK-F3BBCL-FCNN
[01/29/17 07.41 PM ]Unreg #1 MNAA-NDDABS-AJABCE-FARN
[01/29/17 07.41 PM ]Unreg #2 MNFA-ACA7P7-FABBCE-FARN
[01/29/17 07.41 PM ]
[01/29/17 07.41 PM ]
[01/29/17 07.41 PM ]License: RAD Studio 10 Seattle Architect
[01/29/17 07.41 PM ]Registration Key=6110533
[01/29/17 07.41 PM ]Serial Number=CNAA-AAA8NA-FJBBCK-FANN
[01/29/17 07.41 PM ]
[01/29/17 07.41 PM ]
[01/29/17 07.41 PM ]License: RAD Studio XE9
[01/29/17 07.41 PM ]Registration Key=0
[01/29/17 07.42 PM ]----------------------------------------
[01/29/17 07.42 PM ]Operating System: Windows
[01/29/17 07.42 PM ]Current User: DELL
[01/29/17 07.42 PM ]System Registration Key: 6110533
[01/29/17 07.42 PM ]Node Lock: 76RZQVUXB1J75QE
[01/29/17 07.42 PM ]
[01/29/17 07.42 PM ]----------------------------------------
[01/29/17 07.42 PM ]Unreg #0 CNFA-A3AKAK-F3BBCL-FCNN
[01/29/17 07.42 PM ]Unreg #1 MNAA-NDDABS-AJABCE-FARN
[01/29/17 07.42 PM ]Unreg #2 MNFA-ACA7P7-FABBCE-FARN
[01/29/17 07.42 PM ]
[01/29/17 07.42 PM ]
[01/29/17 07.42 PM ]License: RAD Studio 10 Seattle Architect
[01/29/17 07.42 PM ]Registration Key=6110533
[01/29/17 07.42 PM ]Serial Number=CNAA-AAA8NA-FJBBCK-FANN
[01/29/17 07.42 PM ]
[01/29/17 07.42 PM ]
[01/29/17 07.42 PM ]License: RAD Studio XE9
[01/29/17 07.42 PM ]Registration Key=0
[01/29/17 07.42 PM ]----------------------------------------
[01/29/17 07.42 PM ]Operating System: Windows
[01/29/17 07.42 PM ]Current User: DELL
[01/29/17 07.42 PM ]System Registration Key: 6110533
[01/29/17 07.42 PM ]Node Lock: 76RZQVUXB1J75QE
[01/29/17 07.42 PM ]
[01/29/17 07.42 PM ]----------------------------------------
[01/29/17 07.42 PM ]Unreg #0 CNFA-A3AKAK-F3BBCL-FCNN
[01/29/17 07.42 PM ]Unreg #1 MNAA-NDDABS-AJABCE-FARN
[01/29/17 07.42 PM ]Unreg #2 MNFA-ACA7P7-FABBCE-FARN
[01/29/17 07.42 PM ]
[01/29/17 07.42 PM ]
[01/29/17 07.42 PM ]License: RAD Studio 10 Seattle Architect
[01/29/17 07.42 PM ]Registration Key=6110533
[01/29/17 07.42 PM ]Serial Number=CNAA-AAA8NA-FJBBCK-FANN
[01/29/17 07.42 PM ]
[01/29/17 07.42 PM ]
[01/29/17 07.42 PM ]License: RAD Studio XE9
[01/29/17 07.42 PM ]Registration Key=0
[01/29/17 07.42 PM ]----------------------------------------
[01/29/17 07.42 PM ]Operating System: Windows
[01/29/17 07.42 PM ]Current User: DELL
[01/29/17 07.42 PM ]System Registration Key: 6110533
[01/29/17 07.42 PM ]Node Lock: 76RZQVUXB1J75QE
[01/29/17 07.42 PM ]
[01/29/17 07.42 PM ]----------------------------------------
[01/29/17 07.42 PM ]Unreg #0 CNFA-A3AKAK-F3BBCL-FCNN
[01/29/17 07.42 PM ]Unreg #1 MNAA-NDDABS-AJABCE-FARN
[01/29/17 07.42 PM ]Unreg #2 MNFA-ACA7P7-FABBCE-FARN
[01/29/17 07.42 PM ]
[01/29/17 07.42 PM ]
[01/29/17 07.42 PM ]License: RAD Studio 10 Seattle Architect
[01/29/17 07.42 PM ]Registration Key=6110533
[01/29/17 07.42 PM ]Serial Number=CNAA-AAA8NA-FJBBCK-FANN
[01/29/17 07.42 PM ]
[01/29/17 07.42 PM ]
[01/29/17 07.42 PM ]License: RAD Studio XE9
[01/29/17 07.42 PM ]Registration Key=0
[01/29/17 07.42 PM ]----------------------------------------
[01/29/17 07.42 PM ]Operating System: Windows
[01/29/17 07.42 PM ]Current User: DELL
[01/29/17 07.42 PM ]System Registration Key: 6110533
[01/29/17 07.42 PM ]Node Lock: 76RZQVUXB1J75QE
[01/29/17 07.42 PM ]
[01/29/17 07.42 PM ]----------------------------------------
[01/29/17 07.42 PM ]Unreg #0 CNFA-A3AKAK-F3BBCL-FCNN
[01/29/17 07.42 PM ]Unreg #1 MNAA-NDDABS-AJABCE-FARN
[01/29/17 07.42 PM ]Unreg #2 MNFA-ACA7P7-FABBCE-FARN
[01/29/17 07.42 PM ]
[01/29/17 07.42 PM ]
[01/29/17 07.42 PM ]License: RAD Studio 10 Seattle Architect
[01/29/17 07.42 PM ]Registration Key=6110533
[01/29/17 07.42 PM ]Serial Number=CNAA-AAA8NA-FJBBCK-FANN
[01/29/17 07.42 PM ]
[01/29/17 07.42 PM ]
[01/29/17 07.42 PM ]License: RAD Studio XE9
[01/29/17 07.42 PM ]Registration Key=0
[01/29/17 07.42 PM ]----------------------------------------
[01/29/17 07.42 PM ]Operating System: Windows
[01/29/17 07.42 PM ]Current User: DELL
[01/29/17 07.42 PM ]System Registration Key: 6110533
[01/29/17 07.42 PM ]Node Lock: 76RZQVUXB1J75QE
[01/29/17 07.42 PM ]
[01/29/17 07.42 PM ]----------------------------------------
[01/29/17 07.42 PM ]Unreg #0 CNFA-A3AKAK-F3BBCL-FCNN
[01/29/17 07.42 PM ]Unreg #1 MNAA-NDDABS-AJABCE-FARN
[01/29/17 07.42 PM ]Unreg #2 MNFA-ACA7P7-FABBCE-FARN
[01/29/17 07.42 PM ]
[01/29/17 07.42 PM ]
[01/29/17 07.42 PM ]License: RAD Studio 10 Seattle Architect
[01/29/17 07.42 PM ]Registration Key=6110533
[01/29/17 07.42 PM ]Serial Number=CNAA-AAA8NA-FJBBCK-FANN
[01/29/17 07.42 PM ]
[01/29/17 07.42 PM ]
[01/29/17 07.42 PM ]License: RAD Studio XE9
[01/29/17 07.42 PM ]Registration Key=0
[01/29/17 07.42 PM ]----------------------------------------
[01/29/17 07.42 PM ]Operating System: Windows
[01/29/17 07.42 PM ]Current User: DELL
[01/29/17 07.42 PM ]System Registration Key: 6110533
[01/29/17 07.42 PM ]Node Lock: 76RZQVUXB1J75QE
[01/29/17 07.42 PM ]
[01/29/17 07.42 PM ]----------------------------------------
[01/29/17 07.42 PM ]Unreg #0 CNFA-A3AKAK-F3BBCL-FCNN
[01/29/17 07.42 PM ]Unreg #1 MNAA-NDDABS-AJABCE-FARN
[01/29/17 07.42 PM ]Unreg #2 MNFA-ACA7P7-FABBCE-FARN
[01/29/17 07.42 PM ]
[01/29/17 07.42 PM ]
[01/29/17 07.42 PM ]License: RAD Studio 10 Seattle Architect
[01/29/17 07.42 PM ]Registration Key=6110533
[01/29/17 07.42 PM ]Serial Number=CNAA-AAA8NA-FJBBCK-FANN
[01/29/17 07.42 PM ]
[01/29/17 07.42 PM ]
[01/29/17 07.42 PM ]License: RAD Studio XE9
[01/29/17 07.42 PM ]Registration Key=0
[01/29/17 07.50 PM ]----------------------------------------
[01/29/17 07.50 PM ]Operating System: Windows
[01/29/17 07.50 PM ]Current User: DELL
[01/29/17 07.50 PM ]System Registration Key: 6110533
[01/29/17 07.50 PM ]Node Lock: 76RZQVUXB1J75QE
[01/29/17 07.50 PM ]
[01/29/17 07.50 PM ]----------------------------------------
[01/29/17 07.50 PM ]Unreg #0 CNFA-A3AKAK-F3BBCL-FCNN
[01/29/17 07.50 PM ]Unreg #1 MNAA-NDDABS-AJABCE-FARN
[01/29/17 07.50 PM ]Unreg #2 MNFA-ACA7P7-FABBCE-FARN
[01/29/17 07.50 PM ]
[01/29/17 07.50 PM ]
[01/29/17 07.50 PM ]License: RAD Studio 10 Seattle Architect
[01/29/17 07.50 PM ]Registration Key=6110533
[01/29/17 07.50 PM ]Serial Number=CNAA-AAA8NA-FJBBCK-FANN
[01/29/17 07.50 PM ]
[01/29/17 07.50 PM ]
[01/29/17 07.50 PM ]License: RAD Studio XE9
[01/29/17 07.50 PM ]Registration Key=0
[01/29/17 07.50 PM ]----------------------------------------
[01/29/17 07.50 PM ]Operating System: Windows
[01/29/17 07.50 PM ]Current User: DELL
[01/29/17 07.50 PM ]System Registration Key: 6110533
[01/29/17 07.50 PM ]Node Lock: 76RZQVUXB1J75QE
[01/29/17 07.50 PM ]
[01/29/17 07.50 PM ]----------------------------------------
[01/29/17 07.50 PM ]Unreg #0 CNFA-A3AKAK-F3BBCL-FCNN
[01/29/17 07.50 PM ]Unreg #1 MNAA-NDDABS-AJABCE-FARN
[01/29/17 07.50 PM ]Unreg #2 MNFA-ACA7P7-FABBCE-FARN
[01/29/17 07.50 PM ]
[01/29/17 07.50 PM ]
[01/29/17 07.50 PM ]License: RAD Studio 10 Seattle Architect
[01/29/17 07.50 PM ]Registration Key=6110533
[01/29/17 07.50 PM ]Serial Number=CNAA-AAA8NA-FJBBCK-FANN
[01/29/17 07.50 PM ]
[01/29/17 07.50 PM ]
[01/29/17 07.50 PM ]License: RAD Studio XE9
[01/29/17 07.50 PM ]Registration Key=0
[01/29/17 08.12 PM ]----------------------------------------
[01/29/17 08.12 PM ]Operating System: Windows
[01/29/17 08.12 PM ]Current User: DELL
[01/29/17 08.12 PM ]System Registration Key: 6110533
[01/29/17 08.12 PM ]Node Lock: 76RZQVUXB1J75QE
[01/29/17 08.12 PM ]
[01/29/17 08.12 PM ]----------------------------------------
[01/29/17 08.12 PM ]Unreg #0 CNFA-A3AKAK-F3BBCL-FCNN
[01/29/17 08.12 PM ]Unreg #1 MNAA-NDDABS-AJABCE-FARN
[01/29/17 08.12 PM ]Unreg #2 MNFA-ACA7P7-FABBCE-FARN
[01/29/17 08.12 PM ]
[01/29/17 08.12 PM ]
[01/29/17 08.12 PM ]License: RAD Studio XE9
[01/29/17 08.12 PM ]Registration Key=0
[01/29/17 08.12 PM ]----------------------------------------
[01/29/17 08.12 PM ]Operating System: Windows
[01/29/17 08.12 PM ]Current User: DELL
[01/29/17 08.12 PM ]System Registration Key: 6110533
[01/29/17 08.12 PM ]Node Lock: 76RZQVUXB1J75QE
[01/29/17 08.12 PM ]
[01/29/17 08.12 PM ]----------------------------------------
[01/29/17 08.12 PM ]Unreg #0 CNFA-A3AKAK-F3BBCL-FCNN
[01/29/17 08.12 PM ]Unreg #1 MNAA-NDDABS-AJABCE-FARN
[01/29/17 08.12 PM ]Unreg #2 MNFA-ACA7P7-FABBCE-FARN
[01/29/17 08.12 PM ]
[01/29/17 08.12 PM ]
[01/29/17 08.12 PM ]License: RAD Studio XE9
[01/29/17 08.12 PM ]Registration Key=0
[01/29/17 08.12 PM ]----------------------------------------
[01/29/17 08.12 PM ]Operating System: Windows
[01/29/17 08.12 PM ]Current User: DELL
[01/29/17 08.12 PM ]System Registration Key: 6110533
[01/29/17 08.12 PM ]Node Lock: 76RZQVUXB1J75QE
[01/29/17 08.12 PM ]
[01/29/17 08.12 PM ]----------------------------------------
[01/29/17 08.12 PM ]Unreg #0 CNFA-A3AKAK-F3BBCL-FCNN
[01/29/17 08.12 PM ]Unreg #1 MNAA-NDDABS-AJABCE-FARN
[01/29/17 08.12 PM ]Unreg #2 MNFA-ACA7P7-FABBCE-FARN
[01/29/17 08.12 PM ]
[01/29/17 08.12 PM ]
[01/29/17 08.12 PM ]License: RAD Studio 10 Seattle Architect Trial
[01/29/17 08.12 PM ]Registration Key=6110533
[01/29/17 08.12 PM ]Serial Number=CSAD-3XCEQF-46N5FL-M4QS
[01/29/17 08.12 PM ]
[01/29/17 08.12 PM ]
[01/29/17 08.12 PM ]License: RAD Studio XE9
[01/29/17 08.12 PM ]Registration Key=0
[01/29/17 08.12 PM ][Subscription Client] [29/01/2017 20.12.52] DEBUG: License verification thread has started.  The following ids have been submitted to Subscription Monitor: ProductID=>8217,ProductID=>8217,ProductID=>2023,
[01/29/17 08.12 PM ][Subscription Client] There were no licenses present for the following productids:,8217,8217,2023
[02/13/17 05.05 PM ]----------------------------------------
[02/13/17 05.05 PM ]Operating System: Windows
[02/13/17 05.05 PM ]Current User: DELL
[02/13/17 05.05 PM ]System Registration Key: 6110533
[02/13/17 05.05 PM ]Node Lock: 76RZQVUXB1J75QE
[02/13/17 05.05 PM ]
[02/13/17 05.05 PM ]----------------------------------------
[02/13/17 05.05 PM ]Unreg #0 CNFA-A3AKAK-F3BBCL-FCNN
[02/13/17 05.05 PM ]Unreg #1 MNAA-NDDABS-AJABCE-FARN
[02/13/17 05.05 PM ]Unreg #2 MNFA-ACA7P7-FABBCE-FARN
[02/13/17 05.05 PM ]
[02/13/17 05.05 PM ]
[02/13/17 05.05 PM ]License: RAD Studio 10 Seattle Architect Trial
[02/13/17 05.05 PM ]Registration Key=6110533
[02/13/17 05.05 PM ]Serial Number=CSAD-3XCEQF-46N5FL-M4QS
[02/13/17 05.05 PM ]
[02/13/17 05.05 PM ]
[02/13/17 05.05 PM ]License: RAD Studio XE9
[02/13/17 05.05 PM ]Registration Key=0
[02/13/17 05.05 PM ][Subscription Client] [13/02/2017 17.05.55] DEBUG: License verification thread has started.  The following ids have been submitted to Subscription Monitor: ProductID=>8217,ProductID=>8217,ProductID=>2023,
[02/13/17 05.05 PM ][Subscription Client] There were no licenses present for the following productids:,8217,8217,2023
[03/13/17 01.37 AM ]----------------------------------------
[03/13/17 01.37 AM ]Operating System: Windows
[03/13/17 01.37 AM ]Current User: DELL
[03/13/17 01.37 AM ]System Registration Key: 6110533
[03/13/17 01.37 AM ]Node Lock: 76RZQVUXB1J75QE
[03/13/17 01.37 AM ]
[03/13/17 01.37 AM ]----------------------------------------
[03/13/17 01.37 AM ]Unreg #0 CNFA-A3AKAK-F3BBCL-FCNN
[03/13/17 01.37 AM ]Unreg #1 MNAA-NDDABS-AJABCE-FARN
[03/13/17 01.37 AM ]Unreg #2 MNFA-ACA7P7-FABBCE-FARN
[03/13/17 01.37 AM ]
[03/13/17 01.37 AM ]
[03/13/17 01.37 AM ]License: RAD Studio 10 Seattle Architect Trial
[03/13/17 01.37 AM ]Registration Key=6110533
[03/13/17 01.37 AM ]Serial Number=CSAD-3XCEQF-46N5FL-M4QS
[03/13/17 01.37 AM ]----------------------------------------
[03/13/17 01.37 AM ]Operating System: Windows
[03/13/17 01.37 AM ]Current User: DELL
[03/13/17 01.37 AM ]System Registration Key: 6110533
[03/13/17 01.37 AM ]Node Lock: 76RZQVUXB1J75QE
[03/13/17 01.37 AM ]
[03/13/17 01.37 AM ]----------------------------------------
[03/13/17 01.37 AM ]Unreg #0 CNFA-A3AKAK-F3BBCL-FCNN
[03/13/17 01.37 AM ]Unreg #1 MNAA-NDDABS-AJABCE-FARN
[03/13/17 01.37 AM ]Unreg #2 MNFA-ACA7P7-FABBCE-FARN
[03/13/17 01.37 AM ]
[03/13/17 01.37 AM ]
[03/13/17 01.37 AM ]License: RAD Studio 10 Seattle Architect Trial
[03/13/17 01.37 AM ]Registration Key=6110533
[03/13/17 01.37 AM ]Serial Number=CSAD-3XCEQF-46N5FL-M4QS
[03/13/17 01.37 AM ]----------------------------------------
[03/13/17 01.37 AM ]Operating System: Windows
[03/13/17 01.37 AM ]Current User: DELL
[03/13/17 01.37 AM ]System Registration Key: 6110533
[03/13/17 01.37 AM ]Node Lock: 76RZQVUXB1J75QE
[03/13/17 01.37 AM ]
[03/13/17 01.37 AM ]----------------------------------------
[03/13/17 01.37 AM ]Unreg #0 CNFA-A3AKAK-F3BBCL-FCNN
[03/13/17 01.37 AM ]Unreg #1 MNAA-NDDABS-AJABCE-FARN
[03/13/17 01.37 AM ]Unreg #2 MNFA-ACA7P7-FABBCE-FARN
[03/13/17 01.37 AM ]
[03/13/17 01.37 AM ]
[03/13/17 01.37 AM ]License: RAD Studio 10 Seattle Architect Trial
[03/13/17 01.37 AM ]Registration Key=6110533
[03/13/17 01.37 AM ]Serial Number=CSAD-3XCEQF-46N5FL-M4QS
[03/13/17 01.39 AM ]----------------------------------------
[03/13/17 01.39 AM ]Operating System: Windows
[03/13/17 01.39 AM ]Current User: DELL
[03/13/17 01.39 AM ]System Registration Key: 6110533
[03/13/17 01.39 AM ]Node Lock: 76RZQVUXB1J75QE
[03/13/17 01.39 AM ]
[03/13/17 01.39 AM ]----------------------------------------
[03/13/17 01.39 AM ]Unreg #0 CNFA-A3AKAK-F3BBCL-FCNN
[03/13/17 01.39 AM ]Unreg #1 MNAA-NDDABS-AJABCE-FARN
[03/13/17 01.39 AM ]Unreg #2 MNFA-ACA7P7-FABBCE-FARN
[03/13/17 01.39 AM ]
[03/13/17 01.39 AM ]
[03/13/17 01.39 AM ]License: RAD Studio 10 Seattle Architect Trial
[03/13/17 01.39 AM ]Registration Key=6110533
[03/13/17 01.39 AM ]Serial Number=CSAD-3XCEQF-46N5FL-M4QS
[03/13/17 01.40 AM ]----------------------------------------
[03/13/17 01.40 AM ]Operating System: Windows
[03/13/17 01.40 AM ]Current User: DELL
[03/13/17 01.40 AM ]System Registration Key: 6110533
[03/13/17 01.40 AM ]Node Lock: 76RZQVUXB1J75QE
[03/13/17 01.40 AM ]
[03/13/17 01.40 AM ]----------------------------------------
[03/13/17 01.40 AM ]Unreg #0 CNFA-A3AKAK-F3BBCL-FCNN
[03/13/17 01.40 AM ]Unreg #1 MNAA-NDDABS-AJABCE-FARN
[03/13/17 01.40 AM ]Unreg #2 MNFA-ACA7P7-FABBCE-FARN
[03/13/17 01.40 AM ]
[03/13/17 01.40 AM ]
[03/13/17 01.40 AM ]License: RAD Studio 10 Seattle Architect Trial
[03/13/17 01.40 AM ]Registration Key=6110533
[03/13/17 01.40 AM ]Serial Number=CSAD-3XCEQF-46N5FL-M4QS
[03/13/17 01.41 AM ]----------------------------------------
[03/13/17 01.41 AM ]Operating System: Windows
[03/13/17 01.41 AM ]Current User: DELL
[03/13/17 01.41 AM ]System Registration Key: 6110533
[03/13/17 01.41 AM ]Node Lock: 76RZQVUXB1J75QE
[03/13/17 01.41 AM ]
[03/13/17 01.41 AM ]----------------------------------------
[03/13/17 01.41 AM ]Unreg #0 CNFA-A3AKAK-F3BBCL-FCNN
[03/13/17 01.41 AM ]Unreg #1 MNAA-NDDABS-AJABCE-FARN
[03/13/17 01.41 AM ]Unreg #2 MNFA-ACA7P7-FABBCE-FARN
[03/13/17 01.41 AM ]
[03/13/17 01.41 AM ]
[03/13/17 01.41 AM ]License: RAD Studio 10 Seattle Architect Trial
[03/13/17 01.41 AM ]Registration Key=6110533
[03/13/17 01.41 AM ]Serial Number=CSAD-3XCEQF-46N5FL-M4QS
[03/13/17 01.41 AM ]----------------------------------------
[03/13/17 01.41 AM ]Operating System: Windows
[03/13/17 01.41 AM ]Current User: DELL
[03/13/17 01.41 AM ]System Registration Key: 6110533
[03/13/17 01.41 AM ]Node Lock: 76RZQVUXB1J75QE
[03/13/17 01.41 AM ]
[03/13/17 01.41 AM ]----------------------------------------
[03/13/17 01.41 AM ]Unreg #0 CNFA-A3AKAK-F3BBCL-FCNN
[03/13/17 01.41 AM ]Unreg #1 MNAA-NDDABS-AJABCE-FARN
[03/13/17 01.41 AM ]Unreg #2 MNFA-ACA7P7-FABBCE-FARN
[03/13/17 01.41 AM ]
[03/13/17 01.41 AM ]
[03/13/17 01.41 AM ]License: RAD Studio 10 Seattle Architect Trial
[03/13/17 01.41 AM ]Registration Key=6110533
[03/13/17 01.41 AM ]Serial Number=CSAD-3XCEQF-46N5FL-M4QS
[03/13/17 01.41 AM ]----------------------------------------
[03/13/17 01.41 AM ]Operating System: Windows
[03/13/17 01.41 AM ]Current User: DELL
[03/13/17 01.41 AM ]System Registration Key: 6110533
[03/13/17 01.41 AM ]Node Lock: 76RZQVUXB1J75QE
[03/13/17 01.41 AM ]
[03/13/17 01.41 AM ]----------------------------------------
[03/13/17 01.41 AM ]Unreg #0 CNFA-A3AKAK-F3BBCL-FCNN
[03/13/17 01.41 AM ]Unreg #1 MNAA-NDDABS-AJABCE-FARN
[03/13/17 01.41 AM ]Unreg #2 MNFA-ACA7P7-FABBCE-FARN
[03/13/17 01.41 AM ]
[03/13/17 01.41 AM ]
[03/13/17 01.41 AM ]License: RAD Studio 10 Seattle Architect Trial
[03/13/17 01.41 AM ]Registration Key=6110533
[03/13/17 01.41 AM ]Serial Number=CSAD-3XCEQF-46N5FL-M4QS
[03/13/17 01.41 AM ]----------------------------------------
[03/13/17 01.41 AM ]Operating System: Windows
[03/13/17 01.41 AM ]Current User: DELL
[03/13/17 01.41 AM ]System Registration Key: 6110533
[03/13/17 01.41 AM ]Node Lock: 76RZQVUXB1J75QE
[03/13/17 01.41 AM ]
[03/13/17 01.41 AM ]----------------------------------------
[03/13/17 01.41 AM ]Unreg #0 CNFA-A3AKAK-F3BBCL-FCNN
[03/13/17 01.41 AM ]Unreg #1 MNAA-NDDABS-AJABCE-FARN
[03/13/17 01.41 AM ]Unreg #2 MNFA-ACA7P7-FABBCE-FARN
[03/13/17 01.41 AM ]
[03/13/17 01.41 AM ]
[03/13/17 01.41 AM ]License: RAD Studio 10 Seattle Architect Trial
[03/13/17 01.41 AM ]Registration Key=6110533
[03/13/17 01.41 AM ]Serial Number=CSAD-3XCEQF-46N5FL-M4QS
[03/13/17 01.43 AM ]----------------------------------------
[03/13/17 01.43 AM ]Operating System: Windows
[03/13/17 01.43 AM ]Current User: DELL
[03/13/17 01.43 AM ]System Registration Key: 6110533
[03/13/17 01.43 AM ]Node Lock: 76RZQVUXB1J75QE
[03/13/17 01.43 AM ]
[03/13/17 01.43 AM ]----------------------------------------
[03/13/17 01.43 AM ]Unreg #0 CNFA-A3AKAK-F3BBCL-FCNN
[03/13/17 01.43 AM ]Unreg #1 MNAA-NDDABS-AJABCE-FARN
[03/13/17 01.43 AM ]Unreg #2 MNFA-ACA7P7-FABBCE-FARN
[03/13/17 01.43 AM ]
[03/13/17 01.43 AM ]
[03/13/17 01.43 AM ]License: RAD Studio 10 Seattle Architect Trial
[03/13/17 01.43 AM ]Registration Key=6110533
[03/13/17 01.43 AM ]Serial Number=CSAD-3XCEQF-46N5FL-M4QS
[03/13/17 01.43 AM ]
[03/13/17 01.43 AM ]
[03/13/17 01.43 AM ]License: RAD Studio 10.1 Berlin Architect
[03/13/17 01.43 AM ]Registration Key=6110533
[03/13/17 01.43 AM ]Serial Number=CNAA-NAAFBA-FCABCK-FCPN
[03/13/17 01.53 AM ]----------------------------------------
[03/13/17 01.53 AM ]Operating System: Windows
[03/13/17 01.53 AM ]Current User: DELL
[03/13/17 01.53 AM ]System Registration Key: 6110533
[03/13/17 01.53 AM ]Node Lock: 76RZQVUXB1J75QE
[03/13/17 01.53 AM ]
[03/13/17 01.53 AM ]----------------------------------------
[03/13/17 01.53 AM ]Unreg #0 CNAA-NAAFBA-FCABCK-FCPN
[03/13/17 01.53 AM ]Unreg #1 CNFA-A3AKAK-F3BBCL-FCNN
[03/13/17 01.53 AM ]Unreg #2 MNAA-NDDABS-AJABCE-FARN
[03/13/17 01.53 AM ]Unreg #3 MNFA-ACA7P7-FABBCE-FARN
[03/13/17 01.53 AM ]
[03/13/17 01.53 AM ]
[03/13/17 01.53 AM ]License: RAD Studio 10 Seattle Architect Trial
[03/13/17 01.53 AM ]Registration Key=6110533
[03/13/17 01.53 AM ]Serial Number=CSAD-3XCEQF-46N5FL-M4QS
[03/13/17 01.53 AM ]
[03/13/17 01.53 AM ]
[03/13/17 01.53 AM ]License: RAD Studio 10.1 Berlin Architect
[03/13/17 01.53 AM ]Registration Key=6110533
[03/13/17 01.53 AM ]Serial Number=CNAA-NAAFBA-FCABCK-FCPN
